2021-07-25 14:29:48.183 [http-nio-80-exec-1] DEBUG com.my.blog.website.service.impl.ContentServiceImpl - Enter getContents method
2021-07-25 14:29:48.271 [http-nio-80-exec-1] DEBUG com.my.blog.website.service.impl.ContentServiceImpl - Exit getContents method
2021-07-25 14:30:03.718 [http-nio-80-exec-5] DEBUG com.my.blog.website.service.impl.ContentServiceImpl - Enter getContents method
2021-07-25 14:30:03.725 [http-nio-80-exec-5] DEBUG com.my.blog.website.service.impl.ContentServiceImpl - Exit getContents method
2021-07-25 14:30:12.499 [http-nio-80-exec-9] DEBUG com.my.blog.website.service.impl.SiteServiceImpl - Enter getArchives method
2021-07-25 14:30:12.513 [http-nio-80-exec-9] DEBUG com.my.blog.website.service.impl.SiteServiceImpl - Exit getArchives method
2021-07-25 14:30:24.741 [http-nio-80-exec-6] DEBUG com.my.blog.website.service.impl.SiteServiceImpl - Enter getArchives method
2021-07-25 14:30:24.745 [http-nio-80-exec-6] DEBUG com.my.blog.website.service.impl.SiteServiceImpl - Exit getArchives method
2021-07-25 14:30:25.857 [http-nio-80-exec-2] DEBUG com.my.blog.website.service.impl.ContentServiceImpl - Enter getContents method
2021-07-25 14:30:25.861 [http-nio-80-exec-2] DEBUG com.my.blog.website.service.impl.ContentServiceImpl - Exit getContents method
2021-07-25 14:30:28.197 [http-nio-80-exec-8] DEBUG com.my.blog.website.service.impl.ContentServiceImpl - Enter getContents method
2021-07-25 14:30:28.202 [http-nio-80-exec-8] DEBUG com.my.blog.website.service.impl.ContentServiceImpl - Exit getContents method
2021-07-25 14:31:10.775 [http-nio-80-exec-6] DEBUG com.my.blog.website.service.impl.ContentServiceImpl - Enter getContents method
2021-07-25 14:31:10.779 [http-nio-80-exec-6] DEBUG com.my.blog.website.service.impl.ContentServiceImpl - Exit getContents method
2021-07-25 14:50:56.965 [http-nio-80-exec-8] INFO  com.my.blog.website.controller.admin.IndexController - Enter admin index method
2021-07-25 14:50:56.965 [http-nio-80-exec-8] DEBUG com.my.blog.website.service.impl.SiteServiceImpl - Enter recentComments method:limit=5
2021-07-25 14:50:56.992 [http-nio-80-exec-8] DEBUG com.my.blog.website.service.impl.SiteServiceImpl - Exit recentComments method
2021-07-25 14:50:56.992 [http-nio-80-exec-8] DEBUG com.my.blog.website.service.impl.SiteServiceImpl - Enter recentContents method
2021-07-25 14:50:57.003 [http-nio-80-exec-8] DEBUG com.my.blog.website.service.impl.SiteServiceImpl - Exit recentContents method
2021-07-25 14:50:57.003 [http-nio-80-exec-8] DEBUG com.my.blog.website.service.impl.SiteServiceImpl - Enter getStatistics method
2021-07-25 14:50:57.019 [http-nio-80-exec-8] DEBUG com.my.blog.website.service.impl.SiteServiceImpl - Exit getStatistics method
2021-07-25 14:50:57.019 [http-nio-80-exec-8] DEBUG com.my.blog.website.service.impl.LogServiceImpl - Enter getLogs method:page=1,linit=5
2021-07-25 14:50:57.024 [http-nio-80-exec-8] DEBUG com.my.blog.website.service.impl.LogServiceImpl - Exit getLogs method
2021-07-25 14:50:57.024 [http-nio-80-exec-8] INFO  com.my.blog.website.controller.admin.IndexController - Exit admin index method
2021-07-25 14:55:32.036 [http-nio-80-exec-4] DEBUG com.my.blog.website.service.impl.ContentServiceImpl - Enter getContents method
2021-07-25 14:55:32.043 [http-nio-80-exec-4] DEBUG com.my.blog.website.service.impl.ContentServiceImpl - Exit getContents method
2021-07-25 14:56:29.328 [http-nio-80-exec-8] DEBUG com.my.blog.website.service.impl.RelationshipServiceImpl - Enter countById method:cid=3,mid=7
2021-07-25 14:56:29.331 [http-nio-80-exec-8] DEBUG com.my.blog.website.service.impl.RelationshipServiceImpl - Exit countById method return num=0
2021-07-25 14:56:29.334 [http-nio-80-exec-8] DEBUG com.my.blog.website.service.impl.RelationshipServiceImpl - Enter countById method:cid=3,mid=1
2021-07-25 14:56:29.335 [http-nio-80-exec-8] DEBUG com.my.blog.website.service.impl.RelationshipServiceImpl - Exit countById method return num=0
2021-07-25 14:56:33.871 [http-nio-80-exec-9] DEBUG com.my.blog.website.service.impl.ContentServiceImpl - Enter getContents method
2021-07-25 14:56:33.877 [http-nio-80-exec-9] DEBUG com.my.blog.website.service.impl.ContentServiceImpl - Exit getContents method
2021-07-26 10:38:52.982 [http-nio-80-exec-1] DEBUG com.my.blog.website.service.impl.ContentServiceImpl - Enter getContents method
2021-07-26 10:38:53.124 [http-nio-80-exec-1] DEBUG com.my.blog.website.service.impl.ContentServiceImpl - Exit getContents method
2021-07-26 10:39:06.188 [http-nio-80-exec-8] DEBUG com.my.blog.website.service.impl.ContentServiceImpl - Enter getContents method
2021-07-26 10:39:06.195 [http-nio-80-exec-8] DEBUG com.my.blog.website.service.impl.ContentServiceImpl - Exit getContents method
2021-07-26 10:39:58.443 [http-nio-80-exec-3] DEBUG com.my.blog.website.service.impl.ContentServiceImpl - Enter getContents method
2021-07-26 10:39:58.450 [http-nio-80-exec-3] DEBUG com.my.blog.website.service.impl.ContentServiceImpl - Exit getContents method
2021-07-26 10:40:51.553 [http-nio-80-exec-9] DEBUG com.my.blog.website.service.impl.ContentServiceImpl - Enter getContents method
2021-07-26 10:40:51.559 [http-nio-80-exec-9] DEBUG com.my.blog.website.service.impl.ContentServiceImpl - Exit getContents method
2021-07-26 10:53:45.776 [http-nio-80-exec-5] ERROR com.my.blog.website.controller.GlobalExceptionHandler - find exception:e=query content by id and return is not one
2021-07-26 10:54:03.039 [http-nio-80-exec-9] ERROR com.my.blog.website.controller.GlobalExceptionHandler - find exception:e=query content by id and return is not one
2021-07-26 10:54:49.359 [http-nio-8080-exec-1] ERROR com.my.blog.website.controller.GlobalExceptionHandler - find exception:e=query content by id and return is not one
2021-07-26 10:55:16.478 [http-nio-8080-exec-3] INFO  com.my.blog.website.controller.admin.IndexController - Enter admin index method
2021-07-26 10:55:16.478 [http-nio-8080-exec-3] DEBUG com.my.blog.website.service.impl.SiteServiceImpl - Enter recentComments method:limit=5
2021-07-26 10:55:16.504 [http-nio-8080-exec-3] DEBUG com.my.blog.website.service.impl.SiteServiceImpl - Exit recentComments method
2021-07-26 10:55:16.504 [http-nio-8080-exec-3] DEBUG com.my.blog.website.service.impl.SiteServiceImpl - Enter recentContents method
2021-07-26 10:55:16.511 [http-nio-8080-exec-3] DEBUG com.my.blog.website.service.impl.SiteServiceImpl - Exit recentContents method
2021-07-26 10:55:16.511 [http-nio-8080-exec-3] DEBUG com.my.blog.website.service.impl.SiteServiceImpl - Enter getStatistics method
2021-07-26 10:55:16.522 [http-nio-8080-exec-3] DEBUG com.my.blog.website.service.impl.SiteServiceImpl - Exit getStatistics method
2021-07-26 10:55:16.522 [http-nio-8080-exec-3] DEBUG com.my.blog.website.service.impl.LogServiceImpl - Enter getLogs method:page=1,linit=5
2021-07-26 10:55:16.533 [http-nio-8080-exec-3] DEBUG com.my.blog.website.service.impl.LogServiceImpl - Exit getLogs method
2021-07-26 10:55:16.533 [http-nio-8080-exec-3] INFO  com.my.blog.website.controller.admin.IndexController - Exit admin index method
2021-07-26 10:56:20.711 [http-nio-8080-exec-10] INFO  com.my.blog.website.controller.admin.IndexController - Enter admin index method
2021-07-26 10:56:20.711 [http-nio-8080-exec-10] DEBUG com.my.blog.website.service.impl.SiteServiceImpl - Enter recentComments method:limit=5
2021-07-26 10:56:20.717 [http-nio-8080-exec-10] DEBUG com.my.blog.website.service.impl.SiteServiceImpl - Exit recentComments method
2021-07-26 10:56:20.717 [http-nio-8080-exec-10] DEBUG com.my.blog.website.service.impl.SiteServiceImpl - Enter recentContents method
2021-07-26 10:56:20.723 [http-nio-8080-exec-10] DEBUG com.my.blog.website.service.impl.SiteServiceImpl - Exit recentContents method
2021-07-26 10:56:20.723 [http-nio-8080-exec-10] DEBUG com.my.blog.website.service.impl.SiteServiceImpl - Enter getStatistics method
2021-07-26 10:56:20.730 [http-nio-8080-exec-10] DEBUG com.my.blog.website.service.impl.SiteServiceImpl - Exit getStatistics method
2021-07-26 10:56:20.730 [http-nio-8080-exec-10] DEBUG com.my.blog.website.service.impl.LogServiceImpl - Enter getLogs method:page=1,linit=5
2021-07-26 10:56:20.734 [http-nio-8080-exec-10] DEBUG com.my.blog.website.service.impl.LogServiceImpl - Exit getLogs method
2021-07-26 10:56:20.734 [http-nio-8080-exec-10] INFO  com.my.blog.website.controller.admin.IndexController - Exit admin index method
2021-07-26 11:03:45.647 [http-nio-8080-exec-9] INFO  com.my.blog.website.controller.admin.IndexController - Enter admin index method
2021-07-26 11:03:45.647 [http-nio-8080-exec-9] DEBUG com.my.blog.website.service.impl.SiteServiceImpl - Enter recentComments method:limit=5
2021-07-26 11:03:45.653 [http-nio-8080-exec-9] DEBUG com.my.blog.website.service.impl.SiteServiceImpl - Exit recentComments method
2021-07-26 11:03:45.653 [http-nio-8080-exec-9] DEBUG com.my.blog.website.service.impl.SiteServiceImpl - Enter recentContents method
2021-07-26 11:03:45.659 [http-nio-8080-exec-9] DEBUG com.my.blog.website.service.impl.SiteServiceImpl - Exit recentContents method
2021-07-26 11:03:45.659 [http-nio-8080-exec-9] DEBUG com.my.blog.website.service.impl.SiteServiceImpl - Enter getStatistics method
2021-07-26 11:03:45.670 [http-nio-8080-exec-9] DEBUG com.my.blog.website.service.impl.SiteServiceImpl - Exit getStatistics method
2021-07-26 11:03:45.670 [http-nio-8080-exec-9] DEBUG com.my.blog.website.service.impl.LogServiceImpl - Enter getLogs method:page=1,linit=5
2021-07-26 11:03:45.679 [http-nio-8080-exec-9] DEBUG com.my.blog.website.service.impl.LogServiceImpl - Exit getLogs method
2021-07-26 11:03:45.679 [http-nio-8080-exec-9] INFO  com.my.blog.website.controller.admin.IndexController - Exit admin index method
2021-07-26 11:05:40.208 [http-nio-8080-exec-2] INFO  com.my.blog.website.controller.admin.IndexController - Enter admin index method
2021-07-26 11:05:40.209 [http-nio-8080-exec-2] DEBUG com.my.blog.website.service.impl.SiteServiceImpl - Enter recentComments method:limit=5
2021-07-26 11:05:40.214 [http-nio-8080-exec-2] DEBUG com.my.blog.website.service.impl.SiteServiceImpl - Exit recentComments method
2021-07-26 11:05:40.214 [http-nio-8080-exec-2] DEBUG com.my.blog.website.service.impl.SiteServiceImpl - Enter recentContents method
2021-07-26 11:05:40.219 [http-nio-8080-exec-2] DEBUG com.my.blog.website.service.impl.SiteServiceImpl - Exit recentContents method
2021-07-26 11:05:40.219 [http-nio-8080-exec-2] DEBUG com.my.blog.website.service.impl.SiteServiceImpl - Enter getStatistics method
2021-07-26 11:05:40.226 [http-nio-8080-exec-2] DEBUG com.my.blog.website.service.impl.SiteServiceImpl - Exit getStatistics method
2021-07-26 11:05:40.226 [http-nio-8080-exec-2] DEBUG com.my.blog.website.service.impl.LogServiceImpl - Enter getLogs method:page=1,linit=5
2021-07-26 11:05:40.235 [http-nio-8080-exec-2] DEBUG com.my.blog.website.service.impl.LogServiceImpl - Exit getLogs method
2021-07-26 11:05:40.235 [http-nio-8080-exec-2] INFO  com.my.blog.website.controller.admin.IndexController - Exit admin index method
2021-07-26 11:05:41.121 [http-nio-8080-exec-4] INFO  com.my.blog.website.controller.admin.IndexController - Enter admin index method
2021-07-26 11:05:41.121 [http-nio-8080-exec-4] DEBUG com.my.blog.website.service.impl.SiteServiceImpl - Enter recentComments method:limit=5
2021-07-26 11:05:41.125 [http-nio-8080-exec-4] DEBUG com.my.blog.website.service.impl.SiteServiceImpl - Exit recentComments method
2021-07-26 11:05:41.125 [http-nio-8080-exec-4] DEBUG com.my.blog.website.service.impl.SiteServiceImpl - Enter recentContents method
2021-07-26 11:05:41.128 [http-nio-8080-exec-4] DEBUG com.my.blog.website.service.impl.SiteServiceImpl - Exit recentContents method
2021-07-26 11:05:41.128 [http-nio-8080-exec-4] DEBUG com.my.blog.website.service.impl.SiteServiceImpl - Enter getStatistics method
2021-07-26 11:05:41.134 [http-nio-8080-exec-4] DEBUG com.my.blog.website.service.impl.SiteServiceImpl - Exit getStatistics method
2021-07-26 11:05:41.134 [http-nio-8080-exec-4] DEBUG com.my.blog.website.service.impl.LogServiceImpl - Enter getLogs method:page=1,linit=5
2021-07-26 11:05:41.139 [http-nio-8080-exec-4] DEBUG com.my.blog.website.service.impl.LogServiceImpl - Exit getLogs method
2021-07-26 11:05:41.243 [http-nio-8080-exec-4] INFO  com.my.blog.website.controller.admin.IndexController - Exit admin index method
2021-07-26 11:05:42.111 [http-nio-8080-exec-5] INFO  com.my.blog.website.controller.admin.IndexController - Enter admin index method
2021-07-26 11:05:42.111 [http-nio-8080-exec-5] DEBUG com.my.blog.website.service.impl.SiteServiceImpl - Enter recentComments method:limit=5
2021-07-26 11:05:42.116 [http-nio-8080-exec-5] DEBUG com.my.blog.website.service.impl.SiteServiceImpl - Exit recentComments method
2021-07-26 11:05:42.116 [http-nio-8080-exec-5] DEBUG com.my.blog.website.service.impl.SiteServiceImpl - Enter recentContents method
2021-07-26 11:05:42.120 [http-nio-8080-exec-5] DEBUG com.my.blog.website.service.impl.SiteServiceImpl - Exit recentContents method
2021-07-26 11:05:42.120 [http-nio-8080-exec-5] DEBUG com.my.blog.website.service.impl.SiteServiceImpl - Enter getStatistics method
2021-07-26 11:05:42.129 [http-nio-8080-exec-5] DEBUG com.my.blog.website.service.impl.SiteServiceImpl - Exit getStatistics method
2021-07-26 11:05:42.129 [http-nio-8080-exec-5] DEBUG com.my.blog.website.service.impl.LogServiceImpl - Enter getLogs method:page=1,linit=5
2021-07-26 11:05:42.133 [http-nio-8080-exec-5] DEBUG com.my.blog.website.service.impl.LogServiceImpl - Exit getLogs method
2021-07-26 11:05:42.133 [http-nio-8080-exec-5] INFO  com.my.blog.website.controller.admin.IndexController - Exit admin index method
2021-07-26 11:06:16.202 [http-nio-8080-exec-9] INFO  com.my.blog.website.controller.admin.IndexController - Enter admin index method
2021-07-26 11:06:16.202 [http-nio-8080-exec-9] DEBUG com.my.blog.website.service.impl.SiteServiceImpl - Enter recentComments method:limit=5
2021-07-26 11:06:16.206 [http-nio-8080-exec-9] DEBUG com.my.blog.website.service.impl.SiteServiceImpl - Exit recentComments method
2021-07-26 11:06:16.206 [http-nio-8080-exec-9] DEBUG com.my.blog.website.service.impl.SiteServiceImpl - Enter recentContents method
2021-07-26 11:06:16.209 [http-nio-8080-exec-9] DEBUG com.my.blog.website.service.impl.SiteServiceImpl - Exit recentContents method
2021-07-26 11:06:16.209 [http-nio-8080-exec-9] DEBUG com.my.blog.website.service.impl.SiteServiceImpl - Enter getStatistics method
2021-07-26 11:06:16.215 [http-nio-8080-exec-9] DEBUG com.my.blog.website.service.impl.SiteServiceImpl - Exit getStatistics method
2021-07-26 11:06:16.215 [http-nio-8080-exec-9] DEBUG com.my.blog.website.service.impl.LogServiceImpl - Enter getLogs method:page=1,linit=5
2021-07-26 11:06:16.221 [http-nio-8080-exec-9] DEBUG com.my.blog.website.service.impl.LogServiceImpl - Exit getLogs method
2021-07-26 11:06:16.221 [http-nio-8080-exec-9] INFO  com.my.blog.website.controller.admin.IndexController - Exit admin index method
2021-07-26 11:06:17.527 [http-nio-8080-exec-7] INFO  com.my.blog.website.controller.admin.IndexController - Enter admin index method
2021-07-26 11:06:17.527 [http-nio-8080-exec-7] DEBUG com.my.blog.website.service.impl.SiteServiceImpl - Enter recentComments method:limit=5
2021-07-26 11:06:17.532 [http-nio-8080-exec-7] DEBUG com.my.blog.website.service.impl.SiteServiceImpl - Exit recentComments method
2021-07-26 11:06:17.532 [http-nio-8080-exec-7] DEBUG com.my.blog.website.service.impl.SiteServiceImpl - Enter recentContents method
2021-07-26 11:06:17.538 [http-nio-8080-exec-7] DEBUG com.my.blog.website.service.impl.SiteServiceImpl - Exit recentContents method
2021-07-26 11:06:17.538 [http-nio-8080-exec-7] DEBUG com.my.blog.website.service.impl.SiteServiceImpl - Enter getStatistics method
2021-07-26 11:06:17.545 [http-nio-8080-exec-7] DEBUG com.my.blog.website.service.impl.SiteServiceImpl - Exit getStatistics method
2021-07-26 11:06:17.545 [http-nio-8080-exec-7] DEBUG com.my.blog.website.service.impl.LogServiceImpl - Enter getLogs method:page=1,linit=5
2021-07-26 11:06:17.549 [http-nio-8080-exec-7] DEBUG com.my.blog.website.service.impl.LogServiceImpl - Exit getLogs method
2021-07-26 11:06:17.549 [http-nio-8080-exec-7] INFO  com.my.blog.website.controller.admin.IndexController - Exit admin index method
2021-07-26 11:06:23.546 [http-nio-8080-exec-2] INFO  com.my.blog.website.controller.admin.IndexController - Enter admin index method
2021-07-26 11:06:23.546 [http-nio-8080-exec-2] DEBUG com.my.blog.website.service.impl.SiteServiceImpl - Enter recentComments method:limit=5
2021-07-26 11:06:23.551 [http-nio-8080-exec-2] DEBUG com.my.blog.website.service.impl.SiteServiceImpl - Exit recentComments method
2021-07-26 11:06:23.551 [http-nio-8080-exec-2] DEBUG com.my.blog.website.service.impl.SiteServiceImpl - Enter recentContents method
2021-07-26 11:06:23.554 [http-nio-8080-exec-2] DEBUG com.my.blog.website.service.impl.SiteServiceImpl - Exit recentContents method
2021-07-26 11:06:23.554 [http-nio-8080-exec-2] DEBUG com.my.blog.website.service.impl.SiteServiceImpl - Enter getStatistics method
2021-07-26 11:06:23.560 [http-nio-8080-exec-2] DEBUG com.my.blog.website.service.impl.SiteServiceImpl - Exit getStatistics method
2021-07-26 11:06:23.560 [http-nio-8080-exec-2] DEBUG com.my.blog.website.service.impl.LogServiceImpl - Enter getLogs method:page=1,linit=5
2021-07-26 11:06:23.563 [http-nio-8080-exec-2] DEBUG com.my.blog.website.service.impl.LogServiceImpl - Exit getLogs method
2021-07-26 11:06:23.563 [http-nio-8080-exec-2] INFO  com.my.blog.website.controller.admin.IndexController - Exit admin index method
2021-07-26 11:06:29.502 [http-nio-8080-exec-1] DEBUG com.my.blog.website.service.impl.ContentServiceImpl - Enter getContents method
2021-07-26 11:06:29.508 [http-nio-8080-exec-1] DEBUG com.my.blog.website.service.impl.ContentServiceImpl - Exit getContents method
2021-07-26 11:06:32.218 [http-nio-8080-exec-6] DEBUG com.my.blog.website.service.impl.ContentServiceImpl - Enter getContents method
2021-07-26 11:06:32.222 [http-nio-8080-exec-6] DEBUG com.my.blog.website.service.impl.ContentServiceImpl - Exit getContents method
2021-07-26 11:13:56.435 [http-nio-8080-exec-6] INFO  com.my.blog.website.controller.admin.IndexController - Enter admin index method
2021-07-26 11:13:56.435 [http-nio-8080-exec-6] DEBUG com.my.blog.website.service.impl.SiteServiceImpl - Enter recentComments method:limit=5
2021-07-26 11:13:56.466 [http-nio-8080-exec-6] DEBUG com.my.blog.website.service.impl.SiteServiceImpl - Exit recentComments method
2021-07-26 11:13:56.466 [http-nio-8080-exec-6] DEBUG com.my.blog.website.service.impl.SiteServiceImpl - Enter recentContents method
2021-07-26 11:13:56.477 [http-nio-8080-exec-6] DEBUG com.my.blog.website.service.impl.SiteServiceImpl - Exit recentContents method
2021-07-26 11:13:56.477 [http-nio-8080-exec-6] DEBUG com.my.blog.website.service.impl.SiteServiceImpl - Enter getStatistics method
2021-07-26 11:13:56.488 [http-nio-8080-exec-6] DEBUG com.my.blog.website.service.impl.SiteServiceImpl - Exit getStatistics method
2021-07-26 11:13:56.488 [http-nio-8080-exec-6] DEBUG com.my.blog.website.service.impl.LogServiceImpl - Enter getLogs method:page=1,linit=5
2021-07-26 11:13:56.496 [http-nio-8080-exec-6] DEBUG com.my.blog.website.service.impl.LogServiceImpl - Exit getLogs method
2021-07-26 11:13:56.496 [http-nio-8080-exec-6] INFO  com.my.blog.website.controller.admin.IndexController - Exit admin index method
2021-07-26 11:14:00.532 [http-nio-8080-exec-7] INFO  com.my.blog.website.controller.admin.IndexController - Enter admin index method
2021-07-26 11:14:00.533 [http-nio-8080-exec-7] DEBUG com.my.blog.website.service.impl.SiteServiceImpl - Enter recentComments method:limit=5
2021-07-26 11:14:00.539 [http-nio-8080-exec-7] DEBUG com.my.blog.website.service.impl.SiteServiceImpl - Exit recentComments method
2021-07-26 11:14:00.539 [http-nio-8080-exec-7] DEBUG com.my.blog.website.service.impl.SiteServiceImpl - Enter recentContents method
2021-07-26 11:14:00.547 [http-nio-8080-exec-7] DEBUG com.my.blog.website.service.impl.SiteServiceImpl - Exit recentContents method
2021-07-26 11:14:00.547 [http-nio-8080-exec-7] DEBUG com.my.blog.website.service.impl.SiteServiceImpl - Enter getStatistics method
2021-07-26 11:14:00.554 [http-nio-8080-exec-7] DEBUG com.my.blog.website.service.impl.SiteServiceImpl - Exit getStatistics method
2021-07-26 11:14:00.554 [http-nio-8080-exec-7] DEBUG com.my.blog.website.service.impl.LogServiceImpl - Enter getLogs method:page=1,linit=5
2021-07-26 11:14:00.560 [http-nio-8080-exec-7] DEBUG com.my.blog.website.service.impl.LogServiceImpl - Exit getLogs method
2021-07-26 11:14:00.560 [http-nio-8080-exec-7] INFO  com.my.blog.website.controller.admin.IndexController - Exit admin index method
2021-07-26 11:14:11.057 [http-nio-8080-exec-3] DEBUG com.my.blog.website.service.impl.ContentServiceImpl - Enter getContents method
2021-07-26 11:14:11.066 [http-nio-8080-exec-3] DEBUG com.my.blog.website.service.impl.ContentServiceImpl - Exit getContents method
2021-07-26 11:14:14.297 [http-nio-8080-exec-2] DEBUG com.my.blog.website.service.impl.ContentServiceImpl - Enter getContents method
2021-07-26 11:14:14.304 [http-nio-8080-exec-2] DEBUG com.my.blog.website.service.impl.ContentServiceImpl - Exit getContents method
2021-07-26 11:14:15.585 [http-nio-8080-exec-10] DEBUG com.my.blog.website.service.impl.ContentServiceImpl - Enter getContents method
2021-07-26 11:14:15.590 [http-nio-8080-exec-10] DEBUG com.my.blog.website.service.impl.ContentServiceImpl - Exit getContents method
2021-07-26 11:16:14.593 [http-nio-8080-exec-10] INFO  com.my.blog.website.controller.admin.IndexController - Enter admin index method
2021-07-26 11:16:14.593 [http-nio-8080-exec-10] DEBUG com.my.blog.website.service.impl.SiteServiceImpl - Enter recentComments method:limit=5
2021-07-26 11:16:14.619 [http-nio-8080-exec-10] DEBUG com.my.blog.website.service.impl.SiteServiceImpl - Exit recentComments method
2021-07-26 11:16:14.619 [http-nio-8080-exec-10] DEBUG com.my.blog.website.service.impl.SiteServiceImpl - Enter recentContents method
2021-07-26 11:16:14.631 [http-nio-8080-exec-10] DEBUG com.my.blog.website.service.impl.SiteServiceImpl - Exit recentContents method
2021-07-26 11:16:14.631 [http-nio-8080-exec-10] DEBUG com.my.blog.website.service.impl.SiteServiceImpl - Enter getStatistics method
2021-07-26 11:16:14.642 [http-nio-8080-exec-10] DEBUG com.my.blog.website.service.impl.SiteServiceImpl - Exit getStatistics method
2021-07-26 11:16:14.642 [http-nio-8080-exec-10] DEBUG com.my.blog.website.service.impl.LogServiceImpl - Enter getLogs method:page=1,linit=5
2021-07-26 11:16:14.654 [http-nio-8080-exec-10] DEBUG com.my.blog.website.service.impl.LogServiceImpl - Exit getLogs method
2021-07-26 11:16:14.654 [http-nio-8080-exec-10] INFO  com.my.blog.website.controller.admin.IndexController - Exit admin index method
2021-07-26 11:16:17.917 [http-nio-8080-exec-7] INFO  com.my.blog.website.controller.admin.IndexController - Enter admin index method
2021-07-26 11:16:17.918 [http-nio-8080-exec-7] DEBUG com.my.blog.website.service.impl.SiteServiceImpl - Enter recentComments method:limit=5
2021-07-26 11:16:17.927 [http-nio-8080-exec-7] DEBUG com.my.blog.website.service.impl.SiteServiceImpl - Exit recentComments method
2021-07-26 11:16:17.927 [http-nio-8080-exec-7] DEBUG com.my.blog.website.service.impl.SiteServiceImpl - Enter recentContents method
2021-07-26 11:16:17.933 [http-nio-8080-exec-7] DEBUG com.my.blog.website.service.impl.SiteServiceImpl - Exit recentContents method
2021-07-26 11:16:17.933 [http-nio-8080-exec-7] DEBUG com.my.blog.website.service.impl.SiteServiceImpl - Enter getStatistics method
2021-07-26 11:16:17.939 [http-nio-8080-exec-7] DEBUG com.my.blog.website.service.impl.SiteServiceImpl - Exit getStatistics method
2021-07-26 11:16:17.939 [http-nio-8080-exec-7] DEBUG com.my.blog.website.service.impl.LogServiceImpl - Enter getLogs method:page=1,linit=5
2021-07-26 11:16:17.945 [http-nio-8080-exec-7] DEBUG com.my.blog.website.service.impl.LogServiceImpl - Exit getLogs method
2021-07-26 11:16:17.945 [http-nio-8080-exec-7] INFO  com.my.blog.website.controller.admin.IndexController - Exit admin index method
2021-07-26 11:16:19.199 [http-nio-8080-exec-5] INFO  com.my.blog.website.controller.admin.IndexController - Enter admin index method
2021-07-26 11:16:19.199 [http-nio-8080-exec-5] DEBUG com.my.blog.website.service.impl.SiteServiceImpl - Enter recentComments method:limit=5
2021-07-26 11:16:19.205 [http-nio-8080-exec-5] DEBUG com.my.blog.website.service.impl.SiteServiceImpl - Exit recentComments method
2021-07-26 11:16:19.205 [http-nio-8080-exec-5] DEBUG com.my.blog.website.service.impl.SiteServiceImpl - Enter recentContents method
2021-07-26 11:16:19.211 [http-nio-8080-exec-5] DEBUG com.my.blog.website.service.impl.SiteServiceImpl - Exit recentContents method
2021-07-26 11:16:19.211 [http-nio-8080-exec-5] DEBUG com.my.blog.website.service.impl.SiteServiceImpl - Enter getStatistics method
2021-07-26 11:16:19.218 [http-nio-8080-exec-5] DEBUG com.my.blog.website.service.impl.SiteServiceImpl - Exit getStatistics method
2021-07-26 11:16:19.218 [http-nio-8080-exec-5] DEBUG com.my.blog.website.service.impl.LogServiceImpl - Enter getLogs method:page=1,linit=5
2021-07-26 11:16:19.222 [http-nio-8080-exec-5] DEBUG com.my.blog.website.service.impl.LogServiceImpl - Exit getLogs method
2021-07-26 11:16:19.222 [http-nio-8080-exec-5] INFO  com.my.blog.website.controller.admin.IndexController - Exit admin index method
2021-07-26 11:16:29.157 [http-nio-8080-exec-6] INFO  com.my.blog.website.controller.admin.IndexController - Enter admin index method
2021-07-26 11:16:29.157 [http-nio-8080-exec-6] DEBUG com.my.blog.website.service.impl.SiteServiceImpl - Enter recentComments method:limit=5
2021-07-26 11:16:29.161 [http-nio-8080-exec-6] DEBUG com.my.blog.website.service.impl.SiteServiceImpl - Exit recentComments method
2021-07-26 11:16:29.161 [http-nio-8080-exec-6] DEBUG com.my.blog.website.service.impl.SiteServiceImpl - Enter recentContents method
2021-07-26 11:16:29.166 [http-nio-8080-exec-6] DEBUG com.my.blog.website.service.impl.SiteServiceImpl - Exit recentContents method
2021-07-26 11:16:29.166 [http-nio-8080-exec-6] DEBUG com.my.blog.website.service.impl.SiteServiceImpl - Enter getStatistics method
2021-07-26 11:16:29.174 [http-nio-8080-exec-6] DEBUG com.my.blog.website.service.impl.SiteServiceImpl - Exit getStatistics method
2021-07-26 11:16:29.174 [http-nio-8080-exec-6] DEBUG com.my.blog.website.service.impl.LogServiceImpl - Enter getLogs method:page=1,linit=5
2021-07-26 11:16:29.179 [http-nio-8080-exec-6] DEBUG com.my.blog.website.service.impl.LogServiceImpl - Exit getLogs method
2021-07-26 11:16:29.179 [http-nio-8080-exec-6] INFO  com.my.blog.website.controller.admin.IndexController - Exit admin index method
2021-07-26 11:22:08.956 [http-nio-8080-exec-7] INFO  com.my.blog.website.controller.admin.IndexController - Enter admin index method
2021-07-26 11:22:08.956 [http-nio-8080-exec-7] DEBUG com.my.blog.website.service.impl.SiteServiceImpl - Enter recentComments method:limit=5
2021-07-26 11:22:08.983 [http-nio-8080-exec-7] DEBUG com.my.blog.website.service.impl.SiteServiceImpl - Exit recentComments method
2021-07-26 11:22:08.983 [http-nio-8080-exec-7] DEBUG com.my.blog.website.service.impl.SiteServiceImpl - Enter recentContents method
2021-07-26 11:22:08.994 [http-nio-8080-exec-7] DEBUG com.my.blog.website.service.impl.SiteServiceImpl - Exit recentContents method
2021-07-26 11:22:08.994 [http-nio-8080-exec-7] DEBUG com.my.blog.website.service.impl.SiteServiceImpl - Enter getStatistics method
2021-07-26 11:22:09.010 [http-nio-8080-exec-7] DEBUG com.my.blog.website.service.impl.SiteServiceImpl - Exit getStatistics method
2021-07-26 11:22:09.011 [http-nio-8080-exec-7] DEBUG com.my.blog.website.service.impl.LogServiceImpl - Enter getLogs method:page=1,linit=5
2021-07-26 11:22:09.018 [http-nio-8080-exec-7] DEBUG com.my.blog.website.service.impl.LogServiceImpl - Exit getLogs method
2021-07-26 11:22:09.018 [http-nio-8080-exec-7] INFO  com.my.blog.website.controller.admin.IndexController - Exit admin index method
2021-07-26 11:39:43.706 [http-nio-8080-exec-6] INFO  com.my.blog.website.controller.admin.IndexController - Enter admin index method
2021-07-26 11:39:43.707 [http-nio-8080-exec-6] DEBUG com.my.blog.website.service.impl.SiteServiceImpl - Enter recentComments method:limit=5
2021-07-26 11:39:43.712 [http-nio-8080-exec-6] DEBUG com.my.blog.website.service.impl.SiteServiceImpl - Exit recentComments method
2021-07-26 11:39:43.712 [http-nio-8080-exec-6] DEBUG com.my.blog.website.service.impl.SiteServiceImpl - Enter recentContents method
2021-07-26 11:39:43.717 [http-nio-8080-exec-6] DEBUG com.my.blog.website.service.impl.SiteServiceImpl - Exit recentContents method
2021-07-26 11:39:43.717 [http-nio-8080-exec-6] DEBUG com.my.blog.website.service.impl.SiteServiceImpl - Enter getStatistics method
2021-07-26 11:39:43.726 [http-nio-8080-exec-6] DEBUG com.my.blog.website.service.impl.SiteServiceImpl - Exit getStatistics method
2021-07-26 11:39:43.726 [http-nio-8080-exec-6] DEBUG com.my.blog.website.service.impl.LogServiceImpl - Enter getLogs method:page=1,linit=5
2021-07-26 11:39:43.731 [http-nio-8080-exec-6] DEBUG com.my.blog.website.service.impl.LogServiceImpl - Exit getLogs method
2021-07-26 11:39:43.731 [http-nio-8080-exec-6] INFO  com.my.blog.website.controller.admin.IndexController - Exit admin index method
2021-07-26 11:43:12.769 [http-nio-8080-exec-1] INFO  com.my.blog.website.controller.admin.IndexController - Enter admin index method
2021-07-26 11:43:12.769 [http-nio-8080-exec-1] DEBUG com.my.blog.website.service.impl.SiteServiceImpl - Enter recentComments method:limit=5
2021-07-26 11:43:12.776 [http-nio-8080-exec-1] DEBUG com.my.blog.website.service.impl.SiteServiceImpl - Exit recentComments method
2021-07-26 11:43:12.776 [http-nio-8080-exec-1] DEBUG com.my.blog.website.service.impl.SiteServiceImpl - Enter recentContents method
2021-07-26 11:43:12.781 [http-nio-8080-exec-1] DEBUG com.my.blog.website.service.impl.SiteServiceImpl - Exit recentContents method
2021-07-26 11:43:12.781 [http-nio-8080-exec-1] DEBUG com.my.blog.website.service.impl.SiteServiceImpl - Enter getStatistics method
2021-07-26 11:43:12.787 [http-nio-8080-exec-1] DEBUG com.my.blog.website.service.impl.SiteServiceImpl - Exit getStatistics method
2021-07-26 11:43:12.787 [http-nio-8080-exec-1] DEBUG com.my.blog.website.service.impl.LogServiceImpl - Enter getLogs method:page=1,linit=5
2021-07-26 11:43:12.792 [http-nio-8080-exec-1] DEBUG com.my.blog.website.service.impl.LogServiceImpl - Exit getLogs method
2021-07-26 11:43:12.792 [http-nio-8080-exec-1] INFO  com.my.blog.website.controller.admin.IndexController - Exit admin index method
2021-07-26 11:43:15.297 [http-nio-8080-exec-3] INFO  com.my.blog.website.controller.admin.IndexController - Enter admin index method
2021-07-26 11:43:15.297 [http-nio-8080-exec-3] DEBUG com.my.blog.website.service.impl.SiteServiceImpl - Enter recentComments method:limit=5
2021-07-26 11:43:15.301 [http-nio-8080-exec-3] DEBUG com.my.blog.website.service.impl.SiteServiceImpl - Exit recentComments method
2021-07-26 11:43:15.301 [http-nio-8080-exec-3] DEBUG com.my.blog.website.service.impl.SiteServiceImpl - Enter recentContents method
2021-07-26 11:43:15.306 [http-nio-8080-exec-3] DEBUG com.my.blog.website.service.impl.SiteServiceImpl - Exit recentContents method
2021-07-26 11:43:15.306 [http-nio-8080-exec-3] DEBUG com.my.blog.website.service.impl.SiteServiceImpl - Enter getStatistics method
2021-07-26 11:43:15.315 [http-nio-8080-exec-3] DEBUG com.my.blog.website.service.impl.SiteServiceImpl - Exit getStatistics method
2021-07-26 11:43:15.315 [http-nio-8080-exec-3] DEBUG com.my.blog.website.service.impl.LogServiceImpl - Enter getLogs method:page=1,linit=5
2021-07-26 11:43:15.320 [http-nio-8080-exec-3] DEBUG com.my.blog.website.service.impl.LogServiceImpl - Exit getLogs method
2021-07-26 11:43:15.320 [http-nio-8080-exec-3] INFO  com.my.blog.website.controller.admin.IndexController - Exit admin index method
2021-07-26 12:07:03.789 [http-nio-8080-exec-5] INFO  com.my.blog.website.controller.admin.IndexController - Enter admin index method
2021-07-26 12:07:03.789 [http-nio-8080-exec-5] DEBUG com.my.blog.website.service.impl.SiteServiceImpl - Enter recentComments method:limit=5
2021-07-26 12:07:03.795 [http-nio-8080-exec-5] DEBUG com.my.blog.website.service.impl.SiteServiceImpl - Exit recentComments method
2021-07-26 12:07:03.795 [http-nio-8080-exec-5] DEBUG com.my.blog.website.service.impl.SiteServiceImpl - Enter recentContents method
2021-07-26 12:07:03.799 [http-nio-8080-exec-5] DEBUG com.my.blog.website.service.impl.SiteServiceImpl - Exit recentContents method
2021-07-26 12:07:03.799 [http-nio-8080-exec-5] DEBUG com.my.blog.website.service.impl.SiteServiceImpl - Enter getStatistics method
2021-07-26 12:07:03.806 [http-nio-8080-exec-5] DEBUG com.my.blog.website.service.impl.SiteServiceImpl - Exit getStatistics method
2021-07-26 12:07:03.806 [http-nio-8080-exec-5] DEBUG com.my.blog.website.service.impl.LogServiceImpl - Enter getLogs method:page=1,linit=5
2021-07-26 12:07:03.809 [http-nio-8080-exec-5] DEBUG com.my.blog.website.service.impl.LogServiceImpl - Exit getLogs method
2021-07-26 12:07:03.809 [http-nio-8080-exec-5] INFO  com.my.blog.website.controller.admin.IndexController - Exit admin index method
2021-07-26 16:52:49.587 [http-nio-8080-exec-1] DEBUG com.my.blog.website.service.impl.ContentServiceImpl - Enter getContents method
2021-07-26 16:52:49.687 [http-nio-8080-exec-1] DEBUG com.my.blog.website.service.impl.ContentServiceImpl - Exit getContents method
2021-07-26 16:53:01.541 [http-nio-8080-exec-8] DEBUG com.my.blog.website.service.impl.ContentServiceImpl - Enter getContents method
2021-07-26 16:53:01.548 [http-nio-8080-exec-8] DEBUG com.my.blog.website.service.impl.ContentServiceImpl - Exit getContents method
2021-07-26 16:58:37.319 [http-nio-8080-exec-2] DEBUG com.my.blog.website.service.impl.SiteServiceImpl - Enter getArchives method
2021-07-26 16:58:37.437 [http-nio-8080-exec-2] DEBUG com.my.blog.website.service.impl.SiteServiceImpl - Exit getArchives method
2021-07-26 17:00:04.578 [http-nio-8080-exec-2] INFO  com.my.blog.website.controller.admin.IndexController - Enter admin index method
2021-07-26 17:00:04.578 [http-nio-8080-exec-2] DEBUG com.my.blog.website.service.impl.SiteServiceImpl - Enter recentComments method:limit=5
2021-07-26 17:00:04.585 [http-nio-8080-exec-2] DEBUG com.my.blog.website.service.impl.SiteServiceImpl - Exit recentComments method
2021-07-26 17:00:04.585 [http-nio-8080-exec-2] DEBUG com.my.blog.website.service.impl.SiteServiceImpl - Enter recentContents method
2021-07-26 17:00:04.589 [http-nio-8080-exec-2] DEBUG com.my.blog.website.service.impl.SiteServiceImpl - Exit recentContents method
2021-07-26 17:00:04.589 [http-nio-8080-exec-2] DEBUG com.my.blog.website.service.impl.SiteServiceImpl - Enter getStatistics method
2021-07-26 17:00:04.598 [http-nio-8080-exec-2] DEBUG com.my.blog.website.service.impl.SiteServiceImpl - Exit getStatistics method
2021-07-26 17:00:04.598 [http-nio-8080-exec-2] DEBUG com.my.blog.website.service.impl.LogServiceImpl - Enter getLogs method:page=1,linit=5
2021-07-26 17:00:04.603 [http-nio-8080-exec-2] DEBUG com.my.blog.website.service.impl.LogServiceImpl - Exit getLogs method
2021-07-26 17:00:04.603 [http-nio-8080-exec-2] INFO  com.my.blog.website.controller.admin.IndexController - Exit admin index method
2021-07-26 17:00:43.043 [http-nio-8080-exec-1] DEBUG com.my.blog.website.service.impl.ContentServiceImpl - Enter getContents method
2021-07-26 17:00:43.130 [http-nio-8080-exec-1] DEBUG com.my.blog.website.service.impl.ContentServiceImpl - Exit getContents method
2021-07-26 17:01:32.597 [http-nio-8080-exec-5] DEBUG com.my.blog.website.service.impl.ContentServiceImpl - Enter getContents method
2021-07-26 17:01:32.606 [http-nio-8080-exec-5] DEBUG com.my.blog.website.service.impl.ContentServiceImpl - Exit getContents method
2021-07-26 17:01:36.248 [http-nio-8080-exec-3] DEBUG com.my.blog.website.service.impl.ContentServiceImpl - Enter getContents method
2021-07-26 17:01:36.256 [http-nio-8080-exec-3] DEBUG com.my.blog.website.service.impl.ContentServiceImpl - Exit getContents method
2021-07-26 17:04:00.180 [http-nio-8080-exec-7] DEBUG com.my.blog.website.service.impl.ContentServiceImpl - Enter getContents method
2021-07-26 17:04:00.191 [http-nio-8080-exec-7] DEBUG com.my.blog.website.service.impl.ContentServiceImpl - Exit getContents method
2021-07-26 17:04:27.053 [http-nio-8080-exec-1] DEBUG com.my.blog.website.service.impl.ContentServiceImpl - Enter getContents method
2021-07-26 17:04:27.147 [http-nio-8080-exec-1] DEBUG com.my.blog.website.service.impl.ContentServiceImpl - Exit getContents method
2021-07-26 17:05:11.751 [http-nio-8080-exec-5] DEBUG com.my.blog.website.service.impl.SiteServiceImpl - Enter getArchives method
2021-07-26 17:05:11.762 [http-nio-8080-exec-5] DEBUG com.my.blog.website.service.impl.SiteServiceImpl - Exit getArchives method
2021-07-26 17:06:06.693 [http-nio-8080-exec-8] DEBUG com.my.blog.website.service.impl.ContentServiceImpl - Enter getContents method
2021-07-26 17:06:06.702 [http-nio-8080-exec-8] DEBUG com.my.blog.website.service.impl.ContentServiceImpl - Exit getContents method
2021-07-26 17:11:12.467 [http-nio-8080-exec-1] DEBUG com.my.blog.website.service.impl.ContentServiceImpl - Enter getContents method
2021-07-26 17:11:12.562 [http-nio-8080-exec-1] DEBUG com.my.blog.website.service.impl.ContentServiceImpl - Exit getContents method
2021-07-26 17:12:18.664 [http-nio-8080-exec-6] DEBUG com.my.blog.website.service.impl.ContentServiceImpl - Enter getContents method
2021-07-26 17:12:18.680 [http-nio-8080-exec-6] DEBUG com.my.blog.website.service.impl.ContentServiceImpl - Exit getContents method
2021-07-26 17:13:11.772 [http-nio-8080-exec-1] DEBUG com.my.blog.website.service.impl.ContentServiceImpl - Enter getContents method
2021-07-26 17:13:11.867 [http-nio-8080-exec-1] DEBUG com.my.blog.website.service.impl.ContentServiceImpl - Exit getContents method
2021-07-26 17:13:16.976 [http-nio-8080-exec-3] DEBUG com.my.blog.website.service.impl.ContentServiceImpl - Enter getContents method
2021-07-26 17:13:16.984 [http-nio-8080-exec-3] DEBUG com.my.blog.website.service.impl.ContentServiceImpl - Exit getContents method
2021-07-26 17:13:33.629 [http-nio-8080-exec-5] DEBUG com.my.blog.website.service.impl.ContentServiceImpl - Enter getContents method
2021-07-26 17:13:33.644 [http-nio-8080-exec-5] DEBUG com.my.blog.website.service.impl.ContentServiceImpl - Exit getContents method
2021-07-26 17:14:25.280 [http-nio-8080-exec-1] DEBUG com.my.blog.website.service.impl.ContentServiceImpl - Enter getContents method
2021-07-26 17:14:25.382 [http-nio-8080-exec-1] DEBUG com.my.blog.website.service.impl.ContentServiceImpl - Exit getContents method
2021-07-26 17:14:41.440 [http-nio-8080-exec-5] INFO  com.my.blog.website.controller.admin.IndexController - Enter admin index method
2021-07-26 17:14:41.441 [http-nio-8080-exec-5] DEBUG com.my.blog.website.service.impl.SiteServiceImpl - Enter recentComments method:limit=5
2021-07-26 17:14:41.448 [http-nio-8080-exec-5] DEBUG com.my.blog.website.service.impl.SiteServiceImpl - Exit recentComments method
2021-07-26 17:14:41.448 [http-nio-8080-exec-5] DEBUG com.my.blog.website.service.impl.SiteServiceImpl - Enter recentContents method
2021-07-26 17:14:41.454 [http-nio-8080-exec-5] DEBUG com.my.blog.website.service.impl.SiteServiceImpl - Exit recentContents method
2021-07-26 17:14:41.454 [http-nio-8080-exec-5] DEBUG com.my.blog.website.service.impl.SiteServiceImpl - Enter getStatistics method
2021-07-26 17:14:41.471 [http-nio-8080-exec-5] DEBUG com.my.blog.website.service.impl.SiteServiceImpl - Exit getStatistics method
2021-07-26 17:14:41.471 [http-nio-8080-exec-5] DEBUG com.my.blog.website.service.impl.LogServiceImpl - Enter getLogs method:page=1,linit=5
2021-07-26 17:14:41.478 [http-nio-8080-exec-5] DEBUG com.my.blog.website.service.impl.LogServiceImpl - Exit getLogs method
2021-07-26 17:14:41.478 [http-nio-8080-exec-5] INFO  com.my.blog.website.controller.admin.IndexController - Exit admin index method
2021-07-26 17:15:00.236 [http-nio-8080-exec-1] DEBUG com.my.blog.website.service.impl.RelationshipServiceImpl - Enter countById method:cid=4,mid=8
2021-07-26 17:15:00.240 [http-nio-8080-exec-1] DEBUG com.my.blog.website.service.impl.RelationshipServiceImpl - Exit countById method return num=0
2021-07-26 17:15:00.244 [http-nio-8080-exec-1] DEBUG com.my.blog.website.service.impl.RelationshipServiceImpl - Enter countById method:cid=4,mid=9
2021-07-26 17:15:00.246 [http-nio-8080-exec-1] DEBUG com.my.blog.website.service.impl.RelationshipServiceImpl - Exit countById method return num=0
2021-07-26 17:15:10.513 [http-nio-8080-exec-4] DEBUG com.my.blog.website.service.impl.RelationshipServiceImpl - Enter countById method:cid=5,mid=9
2021-07-26 17:15:10.514 [http-nio-8080-exec-4] DEBUG com.my.blog.website.service.impl.RelationshipServiceImpl - Exit countById method return num=0
2021-07-26 17:15:14.646 [http-nio-8080-exec-5] INFO  com.my.blog.website.controller.admin.IndexController - Enter admin index method
2021-07-26 17:15:14.646 [http-nio-8080-exec-5] DEBUG com.my.blog.website.service.impl.SiteServiceImpl - Enter recentComments method:limit=5
2021-07-26 17:15:14.651 [http-nio-8080-exec-5] DEBUG com.my.blog.website.service.impl.SiteServiceImpl - Exit recentComments method
2021-07-26 17:15:14.651 [http-nio-8080-exec-5] DEBUG com.my.blog.website.service.impl.SiteServiceImpl - Enter recentContents method
2021-07-26 17:15:14.656 [http-nio-8080-exec-5] DEBUG com.my.blog.website.service.impl.SiteServiceImpl - Exit recentContents method
2021-07-26 17:15:14.656 [http-nio-8080-exec-5] DEBUG com.my.blog.website.service.impl.SiteServiceImpl - Enter getStatistics method
2021-07-26 17:15:14.666 [http-nio-8080-exec-5] DEBUG com.my.blog.website.service.impl.SiteServiceImpl - Exit getStatistics method
2021-07-26 17:15:14.666 [http-nio-8080-exec-5] DEBUG com.my.blog.website.service.impl.LogServiceImpl - Enter getLogs method:page=1,linit=5
2021-07-26 17:15:14.670 [http-nio-8080-exec-5] DEBUG com.my.blog.website.service.impl.LogServiceImpl - Exit getLogs method
2021-07-26 17:15:14.670 [http-nio-8080-exec-5] INFO  com.my.blog.website.controller.admin.IndexController - Exit admin index method
2021-07-26 17:15:23.926 [http-nio-8080-exec-7] DEBUG com.my.blog.website.service.impl.ContentServiceImpl - Enter getContents method
2021-07-26 17:15:23.938 [http-nio-8080-exec-7] DEBUG com.my.blog.website.service.impl.ContentServiceImpl - Exit getContents method
2021-07-26 17:16:01.528 [http-nio-8080-exec-4] DEBUG com.my.blog.website.service.impl.ContentServiceImpl - Enter getContents method
2021-07-26 17:16:01.534 [http-nio-8080-exec-4] DEBUG com.my.blog.website.service.impl.ContentServiceImpl - Exit getContents method
2021-07-26 17:18:20.722 [http-nio-8080-exec-10] INFO  com.my.blog.website.controller.admin.IndexController - Enter admin index method
2021-07-26 17:18:20.722 [http-nio-8080-exec-10] DEBUG com.my.blog.website.service.impl.SiteServiceImpl - Enter recentComments method:limit=5
2021-07-26 17:18:20.725 [http-nio-8080-exec-10] DEBUG com.my.blog.website.service.impl.SiteServiceImpl - Exit recentComments method
2021-07-26 17:18:20.725 [http-nio-8080-exec-10] DEBUG com.my.blog.website.service.impl.SiteServiceImpl - Enter recentContents method
2021-07-26 17:18:20.729 [http-nio-8080-exec-10] DEBUG com.my.blog.website.service.impl.SiteServiceImpl - Exit recentContents method
2021-07-26 17:18:20.729 [http-nio-8080-exec-10] DEBUG com.my.blog.website.service.impl.SiteServiceImpl - Enter getStatistics method
2021-07-26 17:18:20.735 [http-nio-8080-exec-10] DEBUG com.my.blog.website.service.impl.SiteServiceImpl - Exit getStatistics method
2021-07-26 17:18:20.735 [http-nio-8080-exec-10] DEBUG com.my.blog.website.service.impl.LogServiceImpl - Enter getLogs method:page=1,linit=5
2021-07-26 17:18:20.740 [http-nio-8080-exec-10] DEBUG com.my.blog.website.service.impl.LogServiceImpl - Exit getLogs method
2021-07-26 17:18:20.740 [http-nio-8080-exec-10] INFO  com.my.blog.website.controller.admin.IndexController - Exit admin index method
2021-07-26 17:18:23.214 [http-nio-8080-exec-1] INFO  com.my.blog.website.controller.admin.IndexController - Enter admin index method
2021-07-26 17:18:23.214 [http-nio-8080-exec-1] DEBUG com.my.blog.website.service.impl.SiteServiceImpl - Enter recentComments method:limit=5
2021-07-26 17:18:23.219 [http-nio-8080-exec-1] DEBUG com.my.blog.website.service.impl.SiteServiceImpl - Exit recentComments method
2021-07-26 17:18:23.219 [http-nio-8080-exec-1] DEBUG com.my.blog.website.service.impl.SiteServiceImpl - Enter recentContents method
2021-07-26 17:18:23.224 [http-nio-8080-exec-1] DEBUG com.my.blog.website.service.impl.SiteServiceImpl - Exit recentContents method
2021-07-26 17:18:23.224 [http-nio-8080-exec-1] DEBUG com.my.blog.website.service.impl.SiteServiceImpl - Enter getStatistics method
2021-07-26 17:18:23.232 [http-nio-8080-exec-1] DEBUG com.my.blog.website.service.impl.SiteServiceImpl - Exit getStatistics method
2021-07-26 17:18:23.232 [http-nio-8080-exec-1] DEBUG com.my.blog.website.service.impl.LogServiceImpl - Enter getLogs method:page=1,linit=5
2021-07-26 17:18:23.237 [http-nio-8080-exec-1] DEBUG com.my.blog.website.service.impl.LogServiceImpl - Exit getLogs method
2021-07-26 17:18:23.237 [http-nio-8080-exec-1] INFO  com.my.blog.website.controller.admin.IndexController - Exit admin index method
2021-07-26 17:18:34.084 [http-nio-8080-exec-2] INFO  com.my.blog.website.controller.admin.IndexController - Enter admin index method
2021-07-26 17:18:34.084 [http-nio-8080-exec-2] DEBUG com.my.blog.website.service.impl.SiteServiceImpl - Enter recentComments method:limit=5
2021-07-26 17:18:34.088 [http-nio-8080-exec-2] DEBUG com.my.blog.website.service.impl.SiteServiceImpl - Exit recentComments method
2021-07-26 17:18:34.088 [http-nio-8080-exec-2] DEBUG com.my.blog.website.service.impl.SiteServiceImpl - Enter recentContents method
2021-07-26 17:18:34.091 [http-nio-8080-exec-2] DEBUG com.my.blog.website.service.impl.SiteServiceImpl - Exit recentContents method
2021-07-26 17:18:34.091 [http-nio-8080-exec-2] DEBUG com.my.blog.website.service.impl.SiteServiceImpl - Enter getStatistics method
2021-07-26 17:18:34.097 [http-nio-8080-exec-2] DEBUG com.my.blog.website.service.impl.SiteServiceImpl - Exit getStatistics method
2021-07-26 17:18:34.097 [http-nio-8080-exec-2] DEBUG com.my.blog.website.service.impl.LogServiceImpl - Enter getLogs method:page=1,linit=5
2021-07-26 17:18:34.101 [http-nio-8080-exec-2] DEBUG com.my.blog.website.service.impl.LogServiceImpl - Exit getLogs method
2021-07-26 17:18:34.101 [http-nio-8080-exec-2] INFO  com.my.blog.website.controller.admin.IndexController - Exit admin index method
2021-07-26 17:18:38.415 [http-nio-8080-exec-7] INFO  com.my.blog.website.controller.admin.IndexController - Enter admin index method
2021-07-26 17:18:38.415 [http-nio-8080-exec-7] DEBUG com.my.blog.website.service.impl.SiteServiceImpl - Enter recentComments method:limit=5
2021-07-26 17:18:38.421 [http-nio-8080-exec-7] DEBUG com.my.blog.website.service.impl.SiteServiceImpl - Exit recentComments method
2021-07-26 17:18:38.421 [http-nio-8080-exec-7] DEBUG com.my.blog.website.service.impl.SiteServiceImpl - Enter recentContents method
2021-07-26 17:18:38.424 [http-nio-8080-exec-7] DEBUG com.my.blog.website.service.impl.SiteServiceImpl - Exit recentContents method
2021-07-26 17:18:38.424 [http-nio-8080-exec-7] DEBUG com.my.blog.website.service.impl.SiteServiceImpl - Enter getStatistics method
2021-07-26 17:18:38.430 [http-nio-8080-exec-7] DEBUG com.my.blog.website.service.impl.SiteServiceImpl - Exit getStatistics method
2021-07-26 17:18:38.430 [http-nio-8080-exec-7] DEBUG com.my.blog.website.service.impl.LogServiceImpl - Enter getLogs method:page=1,linit=5
2021-07-26 17:18:38.435 [http-nio-8080-exec-7] DEBUG com.my.blog.website.service.impl.LogServiceImpl - Exit getLogs method
2021-07-26 17:18:38.435 [http-nio-8080-exec-7] INFO  com.my.blog.website.controller.admin.IndexController - Exit admin index method
2021-07-26 17:31:27.511 [http-nio-8080-exec-2] INFO  com.my.blog.website.controller.admin.IndexController - Enter admin index method
2021-07-26 17:31:27.512 [http-nio-8080-exec-2] DEBUG com.my.blog.website.service.impl.SiteServiceImpl - Enter recentComments method:limit=5
2021-07-26 17:31:27.518 [http-nio-8080-exec-2] DEBUG com.my.blog.website.service.impl.SiteServiceImpl - Exit recentComments method
2021-07-26 17:31:27.518 [http-nio-8080-exec-2] DEBUG com.my.blog.website.service.impl.SiteServiceImpl - Enter recentContents method
2021-07-26 17:31:27.521 [http-nio-8080-exec-2] DEBUG com.my.blog.website.service.impl.SiteServiceImpl - Exit recentContents method
2021-07-26 17:31:27.521 [http-nio-8080-exec-2] DEBUG com.my.blog.website.service.impl.SiteServiceImpl - Enter getStatistics method
2021-07-26 17:31:27.526 [http-nio-8080-exec-2] DEBUG com.my.blog.website.service.impl.SiteServiceImpl - Exit getStatistics method
2021-07-26 17:31:27.526 [http-nio-8080-exec-2] DEBUG com.my.blog.website.service.impl.LogServiceImpl - Enter getLogs method:page=1,linit=5
2021-07-26 17:31:27.530 [http-nio-8080-exec-2] DEBUG com.my.blog.website.service.impl.LogServiceImpl - Exit getLogs method
2021-07-26 17:31:27.530 [http-nio-8080-exec-2] INFO  com.my.blog.website.controller.admin.IndexController - Exit admin index method
2021-07-26 17:31:31.076 [http-nio-8080-exec-6] INFO  com.my.blog.website.controller.admin.IndexController - Enter admin index method
2021-07-26 17:31:31.076 [http-nio-8080-exec-6] DEBUG com.my.blog.website.service.impl.SiteServiceImpl - Enter recentComments method:limit=5
2021-07-26 17:31:31.080 [http-nio-8080-exec-6] DEBUG com.my.blog.website.service.impl.SiteServiceImpl - Exit recentComments method
2021-07-26 17:31:31.080 [http-nio-8080-exec-6] DEBUG com.my.blog.website.service.impl.SiteServiceImpl - Enter recentContents method
2021-07-26 17:31:31.082 [http-nio-8080-exec-6] DEBUG com.my.blog.website.service.impl.SiteServiceImpl - Exit recentContents method
2021-07-26 17:31:31.082 [http-nio-8080-exec-6] DEBUG com.my.blog.website.service.impl.SiteServiceImpl - Enter getStatistics method
2021-07-26 17:31:31.089 [http-nio-8080-exec-6] DEBUG com.my.blog.website.service.impl.SiteServiceImpl - Exit getStatistics method
2021-07-26 17:31:31.089 [http-nio-8080-exec-6] DEBUG com.my.blog.website.service.impl.LogServiceImpl - Enter getLogs method:page=1,linit=5
2021-07-26 17:31:31.092 [http-nio-8080-exec-6] DEBUG com.my.blog.website.service.impl.LogServiceImpl - Exit getLogs method
2021-07-26 17:31:31.092 [http-nio-8080-exec-6] INFO  com.my.blog.website.controller.admin.IndexController - Exit admin index method
2021-07-26 17:31:34.151 [http-nio-8080-exec-4] INFO  com.my.blog.website.controller.admin.IndexController - Enter admin index method
2021-07-26 17:31:34.151 [http-nio-8080-exec-4] DEBUG com.my.blog.website.service.impl.SiteServiceImpl - Enter recentComments method:limit=5
2021-07-26 17:31:34.154 [http-nio-8080-exec-4] DEBUG com.my.blog.website.service.impl.SiteServiceImpl - Exit recentComments method
2021-07-26 17:31:34.154 [http-nio-8080-exec-4] DEBUG com.my.blog.website.service.impl.SiteServiceImpl - Enter recentContents method
2021-07-26 17:31:34.159 [http-nio-8080-exec-4] DEBUG com.my.blog.website.service.impl.SiteServiceImpl - Exit recentContents method
2021-07-26 17:31:34.159 [http-nio-8080-exec-4] DEBUG com.my.blog.website.service.impl.SiteServiceImpl - Enter getStatistics method
2021-07-26 17:31:34.164 [http-nio-8080-exec-4] DEBUG com.my.blog.website.service.impl.SiteServiceImpl - Exit getStatistics method
2021-07-26 17:31:34.164 [http-nio-8080-exec-4] DEBUG com.my.blog.website.service.impl.LogServiceImpl - Enter getLogs method:page=1,linit=5
2021-07-26 17:31:34.167 [http-nio-8080-exec-4] DEBUG com.my.blog.website.service.impl.LogServiceImpl - Exit getLogs method
2021-07-26 17:31:34.167 [http-nio-8080-exec-4] INFO  com.my.blog.website.controller.admin.IndexController - Exit admin index method
2021-07-26 17:46:05.817 [http-nio-8080-exec-7] DEBUG com.my.blog.website.service.impl.ContentServiceImpl - Enter getContents method
2021-07-26 17:46:05.871 [http-nio-8080-exec-7] DEBUG com.my.blog.website.service.impl.ContentServiceImpl - Exit getContents method
2021-07-26 22:18:32.214 [http-nio-8080-exec-1] DEBUG com.my.blog.website.service.impl.ContentServiceImpl - Enter getContents method
2021-07-26 22:18:32.301 [http-nio-8080-exec-1] DEBUG com.my.blog.website.service.impl.ContentServiceImpl - Exit getContents method
2021-07-26 22:27:48.450 [http-nio-8080-exec-7] ERROR com.my.blog.website.controller.GlobalExceptionHandler - find exception:e=query content by id and return is not one
2021-07-26 22:27:52.915 [http-nio-8080-exec-9] DEBUG com.my.blog.website.service.impl.ContentServiceImpl - Enter getContents method
2021-07-26 22:27:52.943 [http-nio-8080-exec-9] DEBUG com.my.blog.website.service.impl.ContentServiceImpl - Exit getContents method
2021-07-26 22:27:58.579 [http-nio-8080-exec-10] ERROR com.my.blog.website.controller.GlobalExceptionHandler - find exception:e=query content by id and return is not one
2021-07-26 22:29:42.776 [http-nio-8080-exec-1] ERROR com.my.blog.website.controller.GlobalExceptionHandler - find exception:e=query content by id and return is not one
2021-07-26 22:29:46.928 [http-nio-8080-exec-4] DEBUG com.my.blog.website.service.impl.ContentServiceImpl - Enter getContents method
2021-07-26 22:29:46.955 [http-nio-8080-exec-4] DEBUG com.my.blog.website.service.impl.ContentServiceImpl - Exit getContents method
2021-07-26 22:35:19.763 [http-nio-8080-exec-2] DEBUG com.my.blog.website.service.impl.ContentServiceImpl - Enter getContents method
2021-07-26 22:35:19.769 [http-nio-8080-exec-2] DEBUG com.my.blog.website.service.impl.ContentServiceImpl - Exit getContents method
2021-07-26 22:43:31.865 [http-nio-8080-exec-10] INFO  com.my.blog.website.controller.admin.IndexController - Enter admin index method
2021-07-26 22:43:31.865 [http-nio-8080-exec-10] DEBUG com.my.blog.website.service.impl.SiteServiceImpl - Enter recentComments method:limit=5
2021-07-26 22:43:31.893 [http-nio-8080-exec-10] DEBUG com.my.blog.website.service.impl.SiteServiceImpl - Exit recentComments method
2021-07-26 22:43:31.894 [http-nio-8080-exec-10] DEBUG com.my.blog.website.service.impl.SiteServiceImpl - Enter recentContents method
2021-07-26 22:43:31.905 [http-nio-8080-exec-10] DEBUG com.my.blog.website.service.impl.SiteServiceImpl - Exit recentContents method
2021-07-26 22:43:31.905 [http-nio-8080-exec-10] DEBUG com.my.blog.website.service.impl.SiteServiceImpl - Enter getStatistics method
2021-07-26 22:43:31.921 [http-nio-8080-exec-10] DEBUG com.my.blog.website.service.impl.SiteServiceImpl - Exit getStatistics method
2021-07-26 22:43:31.921 [http-nio-8080-exec-10] DEBUG com.my.blog.website.service.impl.LogServiceImpl - Enter getLogs method:page=1,linit=5
2021-07-26 22:43:31.928 [http-nio-8080-exec-10] DEBUG com.my.blog.website.service.impl.LogServiceImpl - Exit getLogs method
2021-07-26 22:43:31.928 [http-nio-8080-exec-10] INFO  com.my.blog.website.controller.admin.IndexController - Exit admin index method
2021-07-27 09:13:42.973 [http-nio-8080-exec-1] DEBUG com.my.blog.website.service.impl.ContentServiceImpl - Enter getContents method
2021-07-27 09:13:43.196 [http-nio-8080-exec-1] DEBUG com.my.blog.website.service.impl.ContentServiceImpl - Exit getContents method
2021-07-27 09:15:49.445 [http-nio-8080-exec-4] INFO  com.my.blog.website.controller.admin.IndexController - Enter admin index method
2021-07-27 09:15:49.447 [http-nio-8080-exec-4] DEBUG com.my.blog.website.service.impl.SiteServiceImpl - Enter recentComments method:limit=5
2021-07-27 09:15:49.451 [http-nio-8080-exec-4] DEBUG com.my.blog.website.service.impl.SiteServiceImpl - Exit recentComments method
2021-07-27 09:15:49.451 [http-nio-8080-exec-4] DEBUG com.my.blog.website.service.impl.SiteServiceImpl - Enter recentContents method
2021-07-27 09:15:49.456 [http-nio-8080-exec-4] DEBUG com.my.blog.website.service.impl.SiteServiceImpl - Exit recentContents method
2021-07-27 09:15:49.456 [http-nio-8080-exec-4] DEBUG com.my.blog.website.service.impl.SiteServiceImpl - Enter getStatistics method
2021-07-27 09:15:49.466 [http-nio-8080-exec-4] DEBUG com.my.blog.website.service.impl.SiteServiceImpl - Exit getStatistics method
2021-07-27 09:15:49.466 [http-nio-8080-exec-4] DEBUG com.my.blog.website.service.impl.LogServiceImpl - Enter getLogs method:page=1,linit=5
2021-07-27 09:15:49.471 [http-nio-8080-exec-4] DEBUG com.my.blog.website.service.impl.LogServiceImpl - Exit getLogs method
2021-07-27 09:15:49.471 [http-nio-8080-exec-4] INFO  com.my.blog.website.controller.admin.IndexController - Exit admin index method
2021-07-27 09:16:35.502 [http-nio-8080-exec-10] DEBUG com.my.blog.website.service.impl.ContentServiceImpl - Enter getContents method
2021-07-27 09:16:35.513 [http-nio-8080-exec-10] DEBUG com.my.blog.website.service.impl.ContentServiceImpl - Exit getContents method
2021-07-27 13:38:44.791 [http-nio-8080-exec-1] DEBUG com.my.blog.website.service.impl.ContentServiceImpl - Enter getContents method
2021-07-27 13:38:44.985 [http-nio-8080-exec-1] ERROR com.my.blog.website.controller.GlobalExceptionHandler - find exception:e=
### Error querying database.  Cause: java.sql.SQLSyntaxErrorException: Table 'platform.t_contents' doesn't exist
### The error may exist in file [F:\SpringBoot-Blog-master\target\classes\mapper\ContentVoMapper.xml]
### The error may involve com.my.blog.website.dao.ContentVoMapper.selectByExampleWithBLOBs-Inline
### The error occurred while setting parameters
### SQL: SELECT count(0) FROM t_contents WHERE (type = ? AND status = ?)
### Cause: java.sql.SQLSyntaxErrorException: Table 'platform.t_contents' doesn't exist
; bad SQL grammar []; nested exception is java.sql.SQLSyntaxErrorException: Table 'platform.t_contents' doesn't exist
2021-07-27 13:38:45.548 [http-nio-8080-exec-5] ERROR com.my.blog.website.controller.GlobalExceptionHandler - find exception:e=
### Error querying database.  Cause: java.sql.SQLSyntaxErrorException: Table 'platform.t_options' doesn't exist
### The error may exist in file [F:\SpringBoot-Blog-master\target\classes\mapper\OptionVoMapper.xml]
### The error may involve com.my.blog.website.dao.OptionVoMapper.selectByPrimaryKey-Inline
### The error occurred while setting parameters
### SQL: select            name, value, description         from t_options     where name = ?
### Cause: java.sql.SQLSyntaxErrorException: Table 'platform.t_options' doesn't exist
; bad SQL grammar []; nested exception is java.sql.SQLSyntaxErrorException: Table 'platform.t_options' doesn't exist
2021-07-27 13:38:45.829 [http-nio-8080-exec-3] ERROR com.my.blog.website.controller.GlobalExceptionHandler - find exception:e=
### Error querying database.  Cause: java.sql.SQLSyntaxErrorException: Table 'platform.t_options' doesn't exist
### The error may exist in file [F:\SpringBoot-Blog-master\target\classes\mapper\OptionVoMapper.xml]
### The error may involve com.my.blog.website.dao.OptionVoMapper.selectByPrimaryKey-Inline
### The error occurred while setting parameters
### SQL: select            name, value, description         from t_options     where name = ?
### Cause: java.sql.SQLSyntaxErrorException: Table 'platform.t_options' doesn't exist
; bad SQL grammar []; nested exception is java.sql.SQLSyntaxErrorException: Table 'platform.t_options' doesn't exist
2021-07-27 13:39:48.461 [http-nio-8080-exec-1] DEBUG com.my.blog.website.service.impl.ContentServiceImpl - Enter getContents method
2021-07-27 13:39:48.545 [http-nio-8080-exec-1] DEBUG com.my.blog.website.service.impl.ContentServiceImpl - Exit getContents method
2021-07-27 13:41:34.969 [http-nio-8080-exec-3] INFO  com.my.blog.website.controller.admin.IndexController - Enter admin index method
2021-07-27 13:41:34.969 [http-nio-8080-exec-3] DEBUG com.my.blog.website.service.impl.SiteServiceImpl - Enter recentComments method:limit=5
2021-07-27 13:41:34.975 [http-nio-8080-exec-3] DEBUG com.my.blog.website.service.impl.SiteServiceImpl - Exit recentComments method
2021-07-27 13:41:34.975 [http-nio-8080-exec-3] DEBUG com.my.blog.website.service.impl.SiteServiceImpl - Enter recentContents method
2021-07-27 13:41:34.985 [http-nio-8080-exec-3] DEBUG com.my.blog.website.service.impl.SiteServiceImpl - Exit recentContents method
2021-07-27 13:41:34.985 [http-nio-8080-exec-3] DEBUG com.my.blog.website.service.impl.SiteServiceImpl - Enter getStatistics method
2021-07-27 13:41:35.004 [http-nio-8080-exec-3] DEBUG com.my.blog.website.service.impl.SiteServiceImpl - Exit getStatistics method
2021-07-27 13:41:35.004 [http-nio-8080-exec-3] DEBUG com.my.blog.website.service.impl.LogServiceImpl - Enter getLogs method:page=1,linit=5
2021-07-27 13:41:35.012 [http-nio-8080-exec-3] DEBUG com.my.blog.website.service.impl.LogServiceImpl - Exit getLogs method
2021-07-27 13:41:35.012 [http-nio-8080-exec-3] INFO  com.my.blog.website.controller.admin.IndexController - Exit admin index method
2021-07-27 13:42:08.168 [http-nio-8080-exec-7] INFO  com.my.blog.website.controller.admin.IndexController - Enter admin index method
2021-07-27 13:42:08.168 [http-nio-8080-exec-7] DEBUG com.my.blog.website.service.impl.SiteServiceImpl - Enter recentComments method:limit=5
2021-07-27 13:42:08.171 [http-nio-8080-exec-7] DEBUG com.my.blog.website.service.impl.SiteServiceImpl - Exit recentComments method
2021-07-27 13:42:08.171 [http-nio-8080-exec-7] DEBUG com.my.blog.website.service.impl.SiteServiceImpl - Enter recentContents method
2021-07-27 13:42:08.177 [http-nio-8080-exec-7] DEBUG com.my.blog.website.service.impl.SiteServiceImpl - Exit recentContents method
2021-07-27 13:42:08.177 [http-nio-8080-exec-7] DEBUG com.my.blog.website.service.impl.SiteServiceImpl - Enter getStatistics method
2021-07-27 13:42:08.182 [http-nio-8080-exec-7] DEBUG com.my.blog.website.service.impl.SiteServiceImpl - Exit getStatistics method
2021-07-27 13:42:08.182 [http-nio-8080-exec-7] DEBUG com.my.blog.website.service.impl.LogServiceImpl - Enter getLogs method:page=1,linit=5
2021-07-27 13:42:08.185 [http-nio-8080-exec-7] DEBUG com.my.blog.website.service.impl.LogServiceImpl - Exit getLogs method
2021-07-27 13:42:08.185 [http-nio-8080-exec-7] INFO  com.my.blog.website.controller.admin.IndexController - Exit admin index method
2021-07-27 13:42:20.964 [http-nio-8080-exec-9] INFO  com.my.blog.website.controller.admin.IndexController - Enter admin index method
2021-07-27 13:42:20.965 [http-nio-8080-exec-9] DEBUG com.my.blog.website.service.impl.SiteServiceImpl - Enter recentComments method:limit=5
2021-07-27 13:42:20.968 [http-nio-8080-exec-9] DEBUG com.my.blog.website.service.impl.SiteServiceImpl - Exit recentComments method
2021-07-27 13:42:20.968 [http-nio-8080-exec-9] DEBUG com.my.blog.website.service.impl.SiteServiceImpl - Enter recentContents method
2021-07-27 13:42:20.973 [http-nio-8080-exec-9] DEBUG com.my.blog.website.service.impl.SiteServiceImpl - Exit recentContents method
2021-07-27 13:42:20.973 [http-nio-8080-exec-9] DEBUG com.my.blog.website.service.impl.SiteServiceImpl - Enter getStatistics method
2021-07-27 13:42:20.980 [http-nio-8080-exec-9] DEBUG com.my.blog.website.service.impl.SiteServiceImpl - Exit getStatistics method
2021-07-27 13:42:20.980 [http-nio-8080-exec-9] DEBUG com.my.blog.website.service.impl.LogServiceImpl - Enter getLogs method:page=1,linit=5
2021-07-27 13:42:20.984 [http-nio-8080-exec-9] DEBUG com.my.blog.website.service.impl.LogServiceImpl - Exit getLogs method
2021-07-27 13:42:20.984 [http-nio-8080-exec-9] INFO  com.my.blog.website.controller.admin.IndexController - Exit admin index method
2021-07-27 13:42:24.117 [http-nio-8080-exec-10] DEBUG com.my.blog.website.service.impl.ContentServiceImpl - Enter getContents method
2021-07-27 13:42:24.124 [http-nio-8080-exec-10] DEBUG com.my.blog.website.service.impl.ContentServiceImpl - Exit getContents method
2021-07-27 13:48:10.317 [http-nio-8080-exec-3] INFO  com.my.blog.website.controller.admin.IndexController - Enter admin index method
2021-07-27 13:48:10.317 [http-nio-8080-exec-3] DEBUG com.my.blog.website.service.impl.SiteServiceImpl - Enter recentComments method:limit=5
2021-07-27 13:48:10.320 [http-nio-8080-exec-3] DEBUG com.my.blog.website.service.impl.SiteServiceImpl - Exit recentComments method
2021-07-27 13:48:10.320 [http-nio-8080-exec-3] DEBUG com.my.blog.website.service.impl.SiteServiceImpl - Enter recentContents method
2021-07-27 13:48:10.324 [http-nio-8080-exec-3] DEBUG com.my.blog.website.service.impl.SiteServiceImpl - Exit recentContents method
2021-07-27 13:48:10.324 [http-nio-8080-exec-3] DEBUG com.my.blog.website.service.impl.SiteServiceImpl - Enter getStatistics method
2021-07-27 13:48:10.328 [http-nio-8080-exec-3] DEBUG com.my.blog.website.service.impl.SiteServiceImpl - Exit getStatistics method
2021-07-27 13:48:10.328 [http-nio-8080-exec-3] DEBUG com.my.blog.website.service.impl.LogServiceImpl - Enter getLogs method:page=1,linit=5
2021-07-27 13:48:10.332 [http-nio-8080-exec-3] DEBUG com.my.blog.website.service.impl.LogServiceImpl - Exit getLogs method
2021-07-27 13:48:10.332 [http-nio-8080-exec-3] INFO  com.my.blog.website.controller.admin.IndexController - Exit admin index method
2021-07-27 13:49:53.158 [http-nio-8080-exec-7] INFO  com.my.blog.website.controller.admin.IndexController - Enter admin index method
2021-07-27 13:49:53.158 [http-nio-8080-exec-7] DEBUG com.my.blog.website.service.impl.SiteServiceImpl - Enter recentComments method:limit=5
2021-07-27 13:49:53.160 [http-nio-8080-exec-7] DEBUG com.my.blog.website.service.impl.SiteServiceImpl - Exit recentComments method
2021-07-27 13:49:53.160 [http-nio-8080-exec-7] DEBUG com.my.blog.website.service.impl.SiteServiceImpl - Enter recentContents method
2021-07-27 13:49:53.164 [http-nio-8080-exec-7] DEBUG com.my.blog.website.service.impl.SiteServiceImpl - Exit recentContents method
2021-07-27 13:49:53.164 [http-nio-8080-exec-7] DEBUG com.my.blog.website.service.impl.SiteServiceImpl - Enter getStatistics method
2021-07-27 13:49:53.168 [http-nio-8080-exec-7] DEBUG com.my.blog.website.service.impl.SiteServiceImpl - Exit getStatistics method
2021-07-27 13:49:53.168 [http-nio-8080-exec-7] DEBUG com.my.blog.website.service.impl.LogServiceImpl - Enter getLogs method:page=1,linit=5
2021-07-27 13:49:53.172 [http-nio-8080-exec-7] DEBUG com.my.blog.website.service.impl.LogServiceImpl - Exit getLogs method
2021-07-27 13:49:53.172 [http-nio-8080-exec-7] INFO  com.my.blog.website.controller.admin.IndexController - Exit admin index method
2021-07-27 13:50:45.996 [http-nio-8080-exec-10] INFO  com.my.blog.website.controller.admin.IndexController - Enter admin index method
2021-07-27 13:50:45.996 [http-nio-8080-exec-10] DEBUG com.my.blog.website.service.impl.SiteServiceImpl - Enter recentComments method:limit=5
2021-07-27 13:50:45.999 [http-nio-8080-exec-10] DEBUG com.my.blog.website.service.impl.SiteServiceImpl - Exit recentComments method
2021-07-27 13:50:45.999 [http-nio-8080-exec-10] DEBUG com.my.blog.website.service.impl.SiteServiceImpl - Enter recentContents method
2021-07-27 13:50:46.002 [http-nio-8080-exec-10] DEBUG com.my.blog.website.service.impl.SiteServiceImpl - Exit recentContents method
2021-07-27 13:50:46.002 [http-nio-8080-exec-10] DEBUG com.my.blog.website.service.impl.SiteServiceImpl - Enter getStatistics method
2021-07-27 13:50:46.009 [http-nio-8080-exec-10] DEBUG com.my.blog.website.service.impl.SiteServiceImpl - Exit getStatistics method
2021-07-27 13:50:46.009 [http-nio-8080-exec-10] DEBUG com.my.blog.website.service.impl.LogServiceImpl - Enter getLogs method:page=1,linit=5
2021-07-27 13:50:46.012 [http-nio-8080-exec-10] DEBUG com.my.blog.website.service.impl.LogServiceImpl - Exit getLogs method
2021-07-27 13:50:46.012 [http-nio-8080-exec-10] INFO  com.my.blog.website.controller.admin.IndexController - Exit admin index method
2021-07-27 13:51:03.835 [http-nio-8080-exec-4] DEBUG com.my.blog.website.service.impl.ContentServiceImpl - Enter getContents method
2021-07-27 13:51:03.841 [http-nio-8080-exec-4] DEBUG com.my.blog.website.service.impl.ContentServiceImpl - Exit getContents method
2021-07-27 13:51:48.684 [http-nio-8080-exec-9] INFO  com.my.blog.website.controller.admin.IndexController - Enter admin index method
2021-07-27 13:51:48.684 [http-nio-8080-exec-9] DEBUG com.my.blog.website.service.impl.SiteServiceImpl - Enter recentComments method:limit=5
2021-07-27 13:51:48.686 [http-nio-8080-exec-9] DEBUG com.my.blog.website.service.impl.SiteServiceImpl - Exit recentComments method
2021-07-27 13:51:48.686 [http-nio-8080-exec-9] DEBUG com.my.blog.website.service.impl.SiteServiceImpl - Enter recentContents method
2021-07-27 13:51:48.690 [http-nio-8080-exec-9] DEBUG com.my.blog.website.service.impl.SiteServiceImpl - Exit recentContents method
2021-07-27 13:51:48.690 [http-nio-8080-exec-9] DEBUG com.my.blog.website.service.impl.SiteServiceImpl - Enter getStatistics method
2021-07-27 13:51:48.696 [http-nio-8080-exec-9] DEBUG com.my.blog.website.service.impl.SiteServiceImpl - Exit getStatistics method
2021-07-27 13:51:48.696 [http-nio-8080-exec-9] DEBUG com.my.blog.website.service.impl.LogServiceImpl - Enter getLogs method:page=1,linit=5
2021-07-27 13:51:48.699 [http-nio-8080-exec-9] DEBUG com.my.blog.website.service.impl.LogServiceImpl - Exit getLogs method
2021-07-27 13:51:48.699 [http-nio-8080-exec-9] INFO  com.my.blog.website.controller.admin.IndexController - Exit admin index method
2021-07-27 13:51:51.300 [http-nio-8080-exec-1] INFO  com.my.blog.website.controller.admin.IndexController - Enter admin index method
2021-07-27 13:51:51.300 [http-nio-8080-exec-1] DEBUG com.my.blog.website.service.impl.SiteServiceImpl - Enter recentComments method:limit=5
2021-07-27 13:51:51.304 [http-nio-8080-exec-1] DEBUG com.my.blog.website.service.impl.SiteServiceImpl - Exit recentComments method
2021-07-27 13:51:51.304 [http-nio-8080-exec-1] DEBUG com.my.blog.website.service.impl.SiteServiceImpl - Enter recentContents method
2021-07-27 13:51:51.307 [http-nio-8080-exec-1] DEBUG com.my.blog.website.service.impl.SiteServiceImpl - Exit recentContents method
2021-07-27 13:51:51.307 [http-nio-8080-exec-1] DEBUG com.my.blog.website.service.impl.SiteServiceImpl - Enter getStatistics method
2021-07-27 13:51:51.312 [http-nio-8080-exec-1] DEBUG com.my.blog.website.service.impl.SiteServiceImpl - Exit getStatistics method
2021-07-27 13:51:51.312 [http-nio-8080-exec-1] DEBUG com.my.blog.website.service.impl.LogServiceImpl - Enter getLogs method:page=1,linit=5
2021-07-27 13:51:51.316 [http-nio-8080-exec-1] DEBUG com.my.blog.website.service.impl.LogServiceImpl - Exit getLogs method
2021-07-27 13:51:51.316 [http-nio-8080-exec-1] INFO  com.my.blog.website.controller.admin.IndexController - Exit admin index method
2021-07-27 13:52:16.315 [http-nio-8080-exec-8] INFO  com.my.blog.website.controller.admin.IndexController - Enter admin index method
2021-07-27 13:52:16.315 [http-nio-8080-exec-8] DEBUG com.my.blog.website.service.impl.SiteServiceImpl - Enter recentComments method:limit=5
2021-07-27 13:52:16.319 [http-nio-8080-exec-8] DEBUG com.my.blog.website.service.impl.SiteServiceImpl - Exit recentComments method
2021-07-27 13:52:16.319 [http-nio-8080-exec-8] DEBUG com.my.blog.website.service.impl.SiteServiceImpl - Enter recentContents method
2021-07-27 13:52:16.322 [http-nio-8080-exec-8] DEBUG com.my.blog.website.service.impl.SiteServiceImpl - Exit recentContents method
2021-07-27 13:52:16.322 [http-nio-8080-exec-8] DEBUG com.my.blog.website.service.impl.SiteServiceImpl - Enter getStatistics method
2021-07-27 13:52:16.326 [http-nio-8080-exec-8] DEBUG com.my.blog.website.service.impl.SiteServiceImpl - Exit getStatistics method
2021-07-27 13:52:16.326 [http-nio-8080-exec-8] DEBUG com.my.blog.website.service.impl.LogServiceImpl - Enter getLogs method:page=1,linit=5
2021-07-27 13:52:16.330 [http-nio-8080-exec-8] DEBUG com.my.blog.website.service.impl.LogServiceImpl - Exit getLogs method
2021-07-27 13:52:16.330 [http-nio-8080-exec-8] INFO  com.my.blog.website.controller.admin.IndexController - Exit admin index method
2021-07-27 13:52:19.092 [http-nio-8080-exec-2] INFO  com.my.blog.website.controller.admin.IndexController - Enter admin index method
2021-07-27 13:52:19.092 [http-nio-8080-exec-2] DEBUG com.my.blog.website.service.impl.SiteServiceImpl - Enter recentComments method:limit=5
2021-07-27 13:52:19.093 [http-nio-8080-exec-2] DEBUG com.my.blog.website.service.impl.SiteServiceImpl - Exit recentComments method
2021-07-27 13:52:19.093 [http-nio-8080-exec-2] DEBUG com.my.blog.website.service.impl.SiteServiceImpl - Enter recentContents method
2021-07-27 13:52:19.097 [http-nio-8080-exec-2] DEBUG com.my.blog.website.service.impl.SiteServiceImpl - Exit recentContents method
2021-07-27 13:52:19.097 [http-nio-8080-exec-2] DEBUG com.my.blog.website.service.impl.SiteServiceImpl - Enter getStatistics method
2021-07-27 13:52:19.103 [http-nio-8080-exec-2] DEBUG com.my.blog.website.service.impl.SiteServiceImpl - Exit getStatistics method
2021-07-27 13:52:19.103 [http-nio-8080-exec-2] DEBUG com.my.blog.website.service.impl.LogServiceImpl - Enter getLogs method:page=1,linit=5
2021-07-27 13:52:19.107 [http-nio-8080-exec-2] DEBUG com.my.blog.website.service.impl.LogServiceImpl - Exit getLogs method
2021-07-27 13:52:19.107 [http-nio-8080-exec-2] INFO  com.my.blog.website.controller.admin.IndexController - Exit admin index method
2021-07-27 13:52:24.920 [http-nio-8080-exec-8] INFO  com.my.blog.website.controller.admin.IndexController - Enter admin index method
2021-07-27 13:52:24.920 [http-nio-8080-exec-8] DEBUG com.my.blog.website.service.impl.SiteServiceImpl - Enter recentComments method:limit=5
2021-07-27 13:52:24.921 [http-nio-8080-exec-8] DEBUG com.my.blog.website.service.impl.SiteServiceImpl - Exit recentComments method
2021-07-27 13:52:24.921 [http-nio-8080-exec-8] DEBUG com.my.blog.website.service.impl.SiteServiceImpl - Enter recentContents method
2021-07-27 13:52:24.924 [http-nio-8080-exec-8] DEBUG com.my.blog.website.service.impl.SiteServiceImpl - Exit recentContents method
2021-07-27 13:52:24.924 [http-nio-8080-exec-8] DEBUG com.my.blog.website.service.impl.SiteServiceImpl - Enter getStatistics method
2021-07-27 13:52:24.927 [http-nio-8080-exec-8] DEBUG com.my.blog.website.service.impl.SiteServiceImpl - Exit getStatistics method
2021-07-27 13:52:24.927 [http-nio-8080-exec-8] DEBUG com.my.blog.website.service.impl.LogServiceImpl - Enter getLogs method:page=1,linit=5
2021-07-27 13:52:24.930 [http-nio-8080-exec-8] DEBUG com.my.blog.website.service.impl.LogServiceImpl - Exit getLogs method
2021-07-27 13:52:24.930 [http-nio-8080-exec-8] INFO  com.my.blog.website.controller.admin.IndexController - Exit admin index method
2021-07-27 13:52:46.490 [http-nio-8080-exec-1] DEBUG com.my.blog.website.service.impl.ContentServiceImpl - Enter getContents method
2021-07-27 13:52:46.495 [http-nio-8080-exec-1] DEBUG com.my.blog.website.service.impl.ContentServiceImpl - Exit getContents method
2021-07-27 13:53:18.863 [http-nio-8080-exec-2] ERROR com.my.blog.website.controller.GlobalExceptionHandler - find exception:e=null
2021-07-27 13:53:23.954 [http-nio-8080-exec-5] ERROR com.my.blog.website.controller.GlobalExceptionHandler - find exception:e=null
2021-07-27 13:53:53.251 [http-nio-8080-exec-8] DEBUG com.my.blog.website.service.impl.RelationshipServiceImpl - Enter countById method:cid=2,mid=7
2021-07-27 13:53:53.252 [http-nio-8080-exec-8] DEBUG com.my.blog.website.service.impl.RelationshipServiceImpl - Exit countById method return num=0
2021-07-27 13:53:53.256 [http-nio-8080-exec-8] DEBUG com.my.blog.website.service.impl.RelationshipServiceImpl - Enter countById method:cid=2,mid=1
2021-07-27 13:53:53.256 [http-nio-8080-exec-8] DEBUG com.my.blog.website.service.impl.RelationshipServiceImpl - Exit countById method return num=0
2021-07-27 13:54:08.470 [http-nio-8080-exec-9] DEBUG com.my.blog.website.service.impl.ContentServiceImpl - Enter getContents method
2021-07-27 13:54:08.474 [http-nio-8080-exec-9] DEBUG com.my.blog.website.service.impl.ContentServiceImpl - Exit getContents method
2021-07-27 13:55:47.980 [http-nio-8080-exec-7] DEBUG com.my.blog.website.service.impl.ContentServiceImpl - Enter getContents method
2021-07-27 13:55:47.984 [http-nio-8080-exec-7] DEBUG com.my.blog.website.service.impl.ContentServiceImpl - Exit getContents method
2021-07-27 13:56:06.600 [http-nio-8080-exec-3] INFO  com.my.blog.website.controller.admin.IndexController - Enter admin index method
2021-07-27 13:56:06.600 [http-nio-8080-exec-3] DEBUG com.my.blog.website.service.impl.SiteServiceImpl - Enter recentComments method:limit=5
2021-07-27 13:56:06.604 [http-nio-8080-exec-3] DEBUG com.my.blog.website.service.impl.SiteServiceImpl - Exit recentComments method
2021-07-27 13:56:06.604 [http-nio-8080-exec-3] DEBUG com.my.blog.website.service.impl.SiteServiceImpl - Enter recentContents method
2021-07-27 13:56:06.606 [http-nio-8080-exec-3] DEBUG com.my.blog.website.service.impl.SiteServiceImpl - Exit recentContents method
2021-07-27 13:56:06.606 [http-nio-8080-exec-3] DEBUG com.my.blog.website.service.impl.SiteServiceImpl - Enter getStatistics method
2021-07-27 13:56:06.610 [http-nio-8080-exec-3] DEBUG com.my.blog.website.service.impl.SiteServiceImpl - Exit getStatistics method
2021-07-27 13:56:06.610 [http-nio-8080-exec-3] DEBUG com.my.blog.website.service.impl.LogServiceImpl - Enter getLogs method:page=1,linit=5
2021-07-27 13:56:06.612 [http-nio-8080-exec-3] DEBUG com.my.blog.website.service.impl.LogServiceImpl - Exit getLogs method
2021-07-27 13:56:06.612 [http-nio-8080-exec-3] INFO  com.my.blog.website.controller.admin.IndexController - Exit admin index method
2021-07-27 13:57:27.428 [http-nio-8080-exec-1] INFO  com.my.blog.website.controller.admin.IndexController - Enter admin index method
2021-07-27 13:57:27.428 [http-nio-8080-exec-1] DEBUG com.my.blog.website.service.impl.SiteServiceImpl - Enter recentComments method:limit=5
2021-07-27 13:57:27.430 [http-nio-8080-exec-1] DEBUG com.my.blog.website.service.impl.SiteServiceImpl - Exit recentComments method
2021-07-27 13:57:27.430 [http-nio-8080-exec-1] DEBUG com.my.blog.website.service.impl.SiteServiceImpl - Enter recentContents method
2021-07-27 13:57:27.433 [http-nio-8080-exec-1] DEBUG com.my.blog.website.service.impl.SiteServiceImpl - Exit recentContents method
2021-07-27 13:57:27.433 [http-nio-8080-exec-1] DEBUG com.my.blog.website.service.impl.SiteServiceImpl - Enter getStatistics method
2021-07-27 13:57:27.436 [http-nio-8080-exec-1] DEBUG com.my.blog.website.service.impl.SiteServiceImpl - Exit getStatistics method
2021-07-27 13:57:27.436 [http-nio-8080-exec-1] DEBUG com.my.blog.website.service.impl.LogServiceImpl - Enter getLogs method:page=1,linit=5
2021-07-27 13:57:27.439 [http-nio-8080-exec-1] DEBUG com.my.blog.website.service.impl.LogServiceImpl - Exit getLogs method
2021-07-27 13:57:27.439 [http-nio-8080-exec-1] INFO  com.my.blog.website.controller.admin.IndexController - Exit admin index method
2021-07-27 13:59:28.781 [http-nio-8080-exec-6] INFO  com.my.blog.website.controller.admin.IndexController - Enter admin index method
2021-07-27 13:59:28.781 [http-nio-8080-exec-6] DEBUG com.my.blog.website.service.impl.SiteServiceImpl - Enter recentComments method:limit=5
2021-07-27 13:59:28.782 [http-nio-8080-exec-6] DEBUG com.my.blog.website.service.impl.SiteServiceImpl - Exit recentComments method
2021-07-27 13:59:28.782 [http-nio-8080-exec-6] DEBUG com.my.blog.website.service.impl.SiteServiceImpl - Enter recentContents method
2021-07-27 13:59:28.784 [http-nio-8080-exec-6] DEBUG com.my.blog.website.service.impl.SiteServiceImpl - Exit recentContents method
2021-07-27 13:59:28.784 [http-nio-8080-exec-6] DEBUG com.my.blog.website.service.impl.SiteServiceImpl - Enter getStatistics method
2021-07-27 13:59:28.789 [http-nio-8080-exec-6] DEBUG com.my.blog.website.service.impl.SiteServiceImpl - Exit getStatistics method
2021-07-27 13:59:28.789 [http-nio-8080-exec-6] DEBUG com.my.blog.website.service.impl.LogServiceImpl - Enter getLogs method:page=1,linit=5
2021-07-27 13:59:28.793 [http-nio-8080-exec-6] DEBUG com.my.blog.website.service.impl.LogServiceImpl - Exit getLogs method
2021-07-27 13:59:28.793 [http-nio-8080-exec-6] INFO  com.my.blog.website.controller.admin.IndexController - Exit admin index method
2021-07-27 14:15:41.178 [http-nio-8080-exec-4] INFO  com.my.blog.website.controller.admin.IndexController - Enter admin index method
2021-07-27 14:15:41.178 [http-nio-8080-exec-4] DEBUG com.my.blog.website.service.impl.SiteServiceImpl - Enter recentComments method:limit=5
2021-07-27 14:15:41.181 [http-nio-8080-exec-4] DEBUG com.my.blog.website.service.impl.SiteServiceImpl - Exit recentComments method
2021-07-27 14:15:41.181 [http-nio-8080-exec-4] DEBUG com.my.blog.website.service.impl.SiteServiceImpl - Enter recentContents method
2021-07-27 14:15:41.183 [http-nio-8080-exec-4] DEBUG com.my.blog.website.service.impl.SiteServiceImpl - Exit recentContents method
2021-07-27 14:15:41.183 [http-nio-8080-exec-4] DEBUG com.my.blog.website.service.impl.SiteServiceImpl - Enter getStatistics method
2021-07-27 14:15:41.187 [http-nio-8080-exec-4] DEBUG com.my.blog.website.service.impl.SiteServiceImpl - Exit getStatistics method
2021-07-27 14:15:41.187 [http-nio-8080-exec-4] DEBUG com.my.blog.website.service.impl.LogServiceImpl - Enter getLogs method:page=1,linit=5
2021-07-27 14:15:41.189 [http-nio-8080-exec-4] DEBUG com.my.blog.website.service.impl.LogServiceImpl - Exit getLogs method
2021-07-27 14:15:41.189 [http-nio-8080-exec-4] INFO  com.my.blog.website.controller.admin.IndexController - Exit admin index method
2021-07-27 14:16:05.550 [http-nio-8080-exec-6] DEBUG com.my.blog.website.service.impl.RelationshipServiceImpl - Enter countById method:cid=4,mid=7
2021-07-27 14:16:05.550 [http-nio-8080-exec-6] DEBUG com.my.blog.website.service.impl.RelationshipServiceImpl - Exit countById method return num=0
2021-07-27 14:16:05.552 [http-nio-8080-exec-6] DEBUG com.my.blog.website.service.impl.RelationshipServiceImpl - Enter countById method:cid=4,mid=1
2021-07-27 14:16:05.553 [http-nio-8080-exec-6] DEBUG com.my.blog.website.service.impl.RelationshipServiceImpl - Exit countById method return num=0
2021-07-27 14:21:30.273 [http-nio-8080-exec-1] DEBUG com.my.blog.website.service.impl.ContentServiceImpl - Enter getContents method
2021-07-27 14:21:30.281 [http-nio-8080-exec-1] DEBUG com.my.blog.website.service.impl.ContentServiceImpl - Exit getContents method
2021-07-27 14:21:46.893 [http-nio-8080-exec-8] DEBUG com.my.blog.website.service.impl.ContentServiceImpl - Enter getContents method
2021-07-27 14:21:46.899 [http-nio-8080-exec-8] DEBUG com.my.blog.website.service.impl.ContentServiceImpl - Exit getContents method
2021-07-27 14:21:48.712 [http-nio-8080-exec-6] INFO  com.my.blog.website.controller.admin.IndexController - Enter admin index method
2021-07-27 14:21:48.712 [http-nio-8080-exec-6] DEBUG com.my.blog.website.service.impl.SiteServiceImpl - Enter recentComments method:limit=5
2021-07-27 14:21:48.717 [http-nio-8080-exec-6] DEBUG com.my.blog.website.service.impl.SiteServiceImpl - Exit recentComments method
2021-07-27 14:21:48.717 [http-nio-8080-exec-6] DEBUG com.my.blog.website.service.impl.SiteServiceImpl - Enter recentContents method
2021-07-27 14:21:48.720 [http-nio-8080-exec-6] DEBUG com.my.blog.website.service.impl.SiteServiceImpl - Exit recentContents method
2021-07-27 14:21:48.720 [http-nio-8080-exec-6] DEBUG com.my.blog.website.service.impl.SiteServiceImpl - Enter getStatistics method
2021-07-27 14:21:48.724 [http-nio-8080-exec-6] DEBUG com.my.blog.website.service.impl.SiteServiceImpl - Exit getStatistics method
2021-07-27 14:21:48.724 [http-nio-8080-exec-6] DEBUG com.my.blog.website.service.impl.LogServiceImpl - Enter getLogs method:page=1,linit=5
2021-07-27 14:21:48.727 [http-nio-8080-exec-6] DEBUG com.my.blog.website.service.impl.LogServiceImpl - Exit getLogs method
2021-07-27 14:21:48.727 [http-nio-8080-exec-6] INFO  com.my.blog.website.controller.admin.IndexController - Exit admin index method
2021-07-27 14:22:09.445 [http-nio-8080-exec-10] DEBUG com.my.blog.website.service.impl.ContentServiceImpl - Enter getContents method
2021-07-27 14:22:09.450 [http-nio-8080-exec-10] DEBUG com.my.blog.website.service.impl.ContentServiceImpl - Exit getContents method
2021-07-27 14:23:19.506 [http-nio-8080-exec-2] INFO  com.my.blog.website.controller.admin.IndexController - Enter admin index method
2021-07-27 14:23:19.506 [http-nio-8080-exec-2] DEBUG com.my.blog.website.service.impl.SiteServiceImpl - Enter recentComments method:limit=5
2021-07-27 14:23:19.509 [http-nio-8080-exec-2] DEBUG com.my.blog.website.service.impl.SiteServiceImpl - Exit recentComments method
2021-07-27 14:23:19.509 [http-nio-8080-exec-2] DEBUG com.my.blog.website.service.impl.SiteServiceImpl - Enter recentContents method
2021-07-27 14:23:19.513 [http-nio-8080-exec-2] DEBUG com.my.blog.website.service.impl.SiteServiceImpl - Exit recentContents method
2021-07-27 14:23:19.513 [http-nio-8080-exec-2] DEBUG com.my.blog.website.service.impl.SiteServiceImpl - Enter getStatistics method
2021-07-27 14:23:19.518 [http-nio-8080-exec-2] DEBUG com.my.blog.website.service.impl.SiteServiceImpl - Exit getStatistics method
2021-07-27 14:23:19.518 [http-nio-8080-exec-2] DEBUG com.my.blog.website.service.impl.LogServiceImpl - Enter getLogs method:page=1,linit=5
2021-07-27 14:23:19.520 [http-nio-8080-exec-2] DEBUG com.my.blog.website.service.impl.LogServiceImpl - Exit getLogs method
2021-07-27 14:23:19.520 [http-nio-8080-exec-2] INFO  com.my.blog.website.controller.admin.IndexController - Exit admin index method
2021-07-27 14:23:43.647 [http-nio-8080-exec-4] INFO  com.my.blog.website.controller.admin.IndexController - Enter admin index method
2021-07-27 14:23:43.647 [http-nio-8080-exec-4] DEBUG com.my.blog.website.service.impl.SiteServiceImpl - Enter recentComments method:limit=5
2021-07-27 14:23:43.652 [http-nio-8080-exec-4] DEBUG com.my.blog.website.service.impl.SiteServiceImpl - Exit recentComments method
2021-07-27 14:23:43.652 [http-nio-8080-exec-4] DEBUG com.my.blog.website.service.impl.SiteServiceImpl - Enter recentContents method
2021-07-27 14:23:43.654 [http-nio-8080-exec-4] DEBUG com.my.blog.website.service.impl.SiteServiceImpl - Exit recentContents method
2021-07-27 14:23:43.654 [http-nio-8080-exec-4] DEBUG com.my.blog.website.service.impl.SiteServiceImpl - Enter getStatistics method
2021-07-27 14:23:43.659 [http-nio-8080-exec-4] DEBUG com.my.blog.website.service.impl.SiteServiceImpl - Exit getStatistics method
2021-07-27 14:23:43.659 [http-nio-8080-exec-4] DEBUG com.my.blog.website.service.impl.LogServiceImpl - Enter getLogs method:page=1,linit=5
2021-07-27 14:23:43.662 [http-nio-8080-exec-4] DEBUG com.my.blog.website.service.impl.LogServiceImpl - Exit getLogs method
2021-07-27 14:23:43.662 [http-nio-8080-exec-4] INFO  com.my.blog.website.controller.admin.IndexController - Exit admin index method
2021-07-27 14:23:51.135 [http-nio-8080-exec-3] DEBUG com.my.blog.website.service.impl.ContentServiceImpl - Enter getContents method
2021-07-27 14:23:51.139 [http-nio-8080-exec-3] DEBUG com.my.blog.website.service.impl.ContentServiceImpl - Exit getContents method
2021-07-27 14:25:20.212 [http-nio-8080-exec-5] ERROR com.my.blog.website.controller.admin.SettingController - 
java.lang.NullPointerException
	at com.my.blog.website.service.impl.SiteServiceImpl.backup(SiteServiceImpl.java:119) ~[classes/:?]
	at com.my.blog.website.controller.admin.SettingController.backup(SettingController.java:99) [classes/:?]
	at com.my.blog.website.controller.admin.SettingController$$FastClassBySpringCGLIB$$4e9b4e05.invoke(<generated>) [classes/:?]
	at org.springframework.cglib.proxy.MethodProxy.invoke(MethodProxy.java:218) [spring-core-5.1.4.RELEASE.jar:5.1.4.RELEASE]
	at org.springframework.aop.framework.CglibAopProxy$CglibMethodInvocation.invokeJoinpoint(CglibAopProxy.java:749) [spring-aop-5.1.4.RELEASE.jar:5.1.4.RELEASE]
	at org.springframework.aop.framework.ReflectiveMethodInvocation.proceed(ReflectiveMethodInvocation.java:163) [spring-aop-5.1.4.RELEASE.jar:5.1.4.RELEASE]
	at org.springframework.aop.framework.adapter.MethodBeforeAdviceInterceptor.invoke(MethodBeforeAdviceInterceptor.java:56) [spring-aop-5.1.4.RELEASE.jar:5.1.4.RELEASE]
	at org.springframework.aop.framework.ReflectiveMethodInvocation.proceed(ReflectiveMethodInvocation.java:186) [spring-aop-5.1.4.RELEASE.jar:5.1.4.RELEASE]
	at org.springframework.aop.framework.adapter.AfterReturningAdviceInterceptor.invoke(AfterReturningAdviceInterceptor.java:55) [spring-aop-5.1.4.RELEASE.jar:5.1.4.RELEASE]
	at org.springframework.aop.framework.ReflectiveMethodInvocation.proceed(ReflectiveMethodInvocation.java:186) [spring-aop-5.1.4.RELEASE.jar:5.1.4.RELEASE]
	at org.springframework.aop.interceptor.ExposeInvocationInterceptor.invoke(ExposeInvocationInterceptor.java:93) [spring-aop-5.1.4.RELEASE.jar:5.1.4.RELEASE]
	at org.springframework.aop.framework.ReflectiveMethodInvocation.proceed(ReflectiveMethodInvocation.java:186) [spring-aop-5.1.4.RELEASE.jar:5.1.4.RELEASE]
	at org.springframework.aop.framework.CglibAopProxy$DynamicAdvisedInterceptor.intercept(CglibAopProxy.java:688) [spring-aop-5.1.4.RELEASE.jar:5.1.4.RELEASE]
	at com.my.blog.website.controller.admin.SettingController$$EnhancerBySpringCGLIB$$84a1712c.backup(<generated>) [classes/:?]
	at java.base/jdk.internal.reflect.NativeMethodAccessorImpl.invoke0(Native Method) ~[?:?]
	at java.base/jdk.internal.reflect.NativeMethodAccessorImpl.invoke(NativeMethodAccessorImpl.java:62) ~[?:?]
	at java.base/jdk.internal.reflect.DelegatingMethodAccessorImpl.invoke(DelegatingMethodAccessorImpl.java:43) ~[?:?]
	at java.base/java.lang.reflect.Method.invoke(Method.java:566) ~[?:?]
	at org.springframework.web.method.support.InvocableHandlerMethod.doInvoke(InvocableHandlerMethod.java:189) [spring-web-5.1.4.RELEASE.jar:5.1.4.RELEASE]
	at org.springframework.web.method.support.InvocableHandlerMethod.invokeForRequest(InvocableHandlerMethod.java:138) [spring-web-5.1.4.RELEASE.jar:5.1.4.RELEASE]
	at org.springframework.web.servlet.mvc.method.annotation.ServletInvocableHandlerMethod.invokeAndHandle(ServletInvocableHandlerMethod.java:102) [spring-webmvc-5.1.4.RELEASE.jar:5.1.4.RELEASE]
	at org.springframework.web.servlet.mvc.method.annotation.RequestMappingHandlerAdapter.invokeHandlerMethod(RequestMappingHandlerAdapter.java:895) [spring-webmvc-5.1.4.RELEASE.jar:5.1.4.RELEASE]
	at org.springframework.web.servlet.mvc.method.annotation.RequestMappingHandlerAdapter.handleInternal(RequestMappingHandlerAdapter.java:800) [spring-webmvc-5.1.4.RELEASE.jar:5.1.4.RELEASE]
	at org.springframework.web.servlet.mvc.method.AbstractHandlerMethodAdapter.handle(AbstractHandlerMethodAdapter.java:87) [spring-webmvc-5.1.4.RELEASE.jar:5.1.4.RELEASE]
	at org.springframework.web.servlet.DispatcherServlet.doDispatch(DispatcherServlet.java:1038) [spring-webmvc-5.1.4.RELEASE.jar:5.1.4.RELEASE]
	at org.springframework.web.servlet.DispatcherServlet.doService(DispatcherServlet.java:942) [spring-webmvc-5.1.4.RELEASE.jar:5.1.4.RELEASE]
	at org.springframework.web.servlet.FrameworkServlet.processRequest(FrameworkServlet.java:1005) [spring-webmvc-5.1.4.RELEASE.jar:5.1.4.RELEASE]
	at org.springframework.web.servlet.FrameworkServlet.doPost(FrameworkServlet.java:908) [spring-webmvc-5.1.4.RELEASE.jar:5.1.4.RELEASE]
	at javax.servlet.http.HttpServlet.service(HttpServlet.java:660) [tomcat-embed-core-9.0.14.jar:9.0.14]
	at org.springframework.web.servlet.FrameworkServlet.service(FrameworkServlet.java:882) [spring-webmvc-5.1.4.RELEASE.jar:5.1.4.RELEASE]
	at javax.servlet.http.HttpServlet.service(HttpServlet.java:741) [tomcat-embed-core-9.0.14.jar:9.0.14]
	at org.apache.catalina.core.ApplicationFilterChain.internalDoFilter(ApplicationFilterChain.java:231) [tomcat-embed-core-9.0.14.jar:9.0.14]
	at org.apache.catalina.core.ApplicationFilterChain.doFilter(ApplicationFilterChain.java:166) [tomcat-embed-core-9.0.14.jar:9.0.14]
	at org.apache.tomcat.websocket.server.WsFilter.doFilter(WsFilter.java:53) [tomcat-embed-websocket-9.0.14.jar:9.0.14]
	at org.apache.catalina.core.ApplicationFilterChain.internalDoFilter(ApplicationFilterChain.java:193) [tomcat-embed-core-9.0.14.jar:9.0.14]
	at org.apache.catalina.core.ApplicationFilterChain.doFilter(ApplicationFilterChain.java:166) [tomcat-embed-core-9.0.14.jar:9.0.14]
	at org.springframework.web.filter.RequestContextFilter.doFilterInternal(RequestContextFilter.java:99) [spring-web-5.1.4.RELEASE.jar:5.1.4.RELEASE]
	at org.springframework.web.filter.OncePerRequestFilter.doFilter(OncePerRequestFilter.java:107) [spring-web-5.1.4.RELEASE.jar:5.1.4.RELEASE]
	at org.apache.catalina.core.ApplicationFilterChain.internalDoFilter(ApplicationFilterChain.java:193) [tomcat-embed-core-9.0.14.jar:9.0.14]
	at org.apache.catalina.core.ApplicationFilterChain.doFilter(ApplicationFilterChain.java:166) [tomcat-embed-core-9.0.14.jar:9.0.14]
	at org.springframework.web.filter.FormContentFilter.doFilterInternal(FormContentFilter.java:92) [spring-web-5.1.4.RELEASE.jar:5.1.4.RELEASE]
	at org.springframework.web.filter.OncePerRequestFilter.doFilter(OncePerRequestFilter.java:107) [spring-web-5.1.4.RELEASE.jar:5.1.4.RELEASE]
	at org.apache.catalina.core.ApplicationFilterChain.internalDoFilter(ApplicationFilterChain.java:193) [tomcat-embed-core-9.0.14.jar:9.0.14]
	at org.apache.catalina.core.ApplicationFilterChain.doFilter(ApplicationFilterChain.java:166) [tomcat-embed-core-9.0.14.jar:9.0.14]
	at org.springframework.web.filter.HiddenHttpMethodFilter.doFilterInternal(HiddenHttpMethodFilter.java:93) [spring-web-5.1.4.RELEASE.jar:5.1.4.RELEASE]
	at org.springframework.web.filter.OncePerRequestFilter.doFilter(OncePerRequestFilter.java:107) [spring-web-5.1.4.RELEASE.jar:5.1.4.RELEASE]
	at org.apache.catalina.core.ApplicationFilterChain.internalDoFilter(ApplicationFilterChain.java:193) [tomcat-embed-core-9.0.14.jar:9.0.14]
	at org.apache.catalina.core.ApplicationFilterChain.doFilter(ApplicationFilterChain.java:166) [tomcat-embed-core-9.0.14.jar:9.0.14]
	at org.springframework.web.filter.CharacterEncodingFilter.doFilterInternal(CharacterEncodingFilter.java:200) [spring-web-5.1.4.RELEASE.jar:5.1.4.RELEASE]
	at org.springframework.web.filter.OncePerRequestFilter.doFilter(OncePerRequestFilter.java:107) [spring-web-5.1.4.RELEASE.jar:5.1.4.RELEASE]
	at org.apache.catalina.core.ApplicationFilterChain.internalDoFilter(ApplicationFilterChain.java:193) [tomcat-embed-core-9.0.14.jar:9.0.14]
	at org.apache.catalina.core.ApplicationFilterChain.doFilter(ApplicationFilterChain.java:166) [tomcat-embed-core-9.0.14.jar:9.0.14]
	at org.apache.catalina.core.StandardWrapperValve.invoke(StandardWrapperValve.java:199) [tomcat-embed-core-9.0.14.jar:9.0.14]
	at org.apache.catalina.core.StandardContextValve.invoke(StandardContextValve.java:96) [tomcat-embed-core-9.0.14.jar:9.0.14]
	at org.apache.catalina.authenticator.AuthenticatorBase.invoke(AuthenticatorBase.java:490) [tomcat-embed-core-9.0.14.jar:9.0.14]
	at org.apache.catalina.core.StandardHostValve.invoke(StandardHostValve.java:139) [tomcat-embed-core-9.0.14.jar:9.0.14]
	at org.apache.catalina.valves.ErrorReportValve.invoke(ErrorReportValve.java:92) [tomcat-embed-core-9.0.14.jar:9.0.14]
	at org.apache.catalina.core.StandardEngineValve.invoke(StandardEngineValve.java:74) [tomcat-embed-core-9.0.14.jar:9.0.14]
	at org.apache.catalina.connector.CoyoteAdapter.service(CoyoteAdapter.java:343) [tomcat-embed-core-9.0.14.jar:9.0.14]
	at org.apache.coyote.http11.Http11Processor.service(Http11Processor.java:408) [tomcat-embed-core-9.0.14.jar:9.0.14]
	at org.apache.coyote.AbstractProcessorLight.process(AbstractProcessorLight.java:66) [tomcat-embed-core-9.0.14.jar:9.0.14]
	at org.apache.coyote.AbstractProtocol$ConnectionHandler.process(AbstractProtocol.java:834) [tomcat-embed-core-9.0.14.jar:9.0.14]
	at org.apache.tomcat.util.net.NioEndpoint$SocketProcessor.doRun(NioEndpoint.java:1417) [tomcat-embed-core-9.0.14.jar:9.0.14]
	at org.apache.tomcat.util.net.SocketProcessorBase.run(SocketProcessorBase.java:49) [tomcat-embed-core-9.0.14.jar:9.0.14]
	at java.base/java.util.concurrent.ThreadPoolExecutor.runWorker(ThreadPoolExecutor.java:1128) [?:?]
	at java.base/java.util.concurrent.ThreadPoolExecutor$Worker.run(ThreadPoolExecutor.java:628) [?:?]
	at org.apache.tomcat.util.threads.TaskThread$WrappingRunnable.run(TaskThread.java:61) [tomcat-embed-core-9.0.14.jar:9.0.14]
	at java.base/java.lang.Thread.run(Thread.java:834) [?:?]
2021-07-27 14:43:54.444 [http-nio-8080-exec-8] DEBUG com.my.blog.website.service.impl.ContentServiceImpl - Enter getContents method
2021-07-27 14:43:54.455 [http-nio-8080-exec-8] DEBUG com.my.blog.website.service.impl.ContentServiceImpl - Exit getContents method
2021-07-27 14:48:22.598 [http-nio-8080-exec-1] INFO  com.my.blog.website.controller.admin.IndexController - Enter admin index method
2021-07-27 14:48:22.598 [http-nio-8080-exec-1] DEBUG com.my.blog.website.service.impl.SiteServiceImpl - Enter recentComments method:limit=5
2021-07-27 14:48:22.620 [http-nio-8080-exec-1] DEBUG com.my.blog.website.service.impl.SiteServiceImpl - Exit recentComments method
2021-07-27 14:48:22.620 [http-nio-8080-exec-1] DEBUG com.my.blog.website.service.impl.SiteServiceImpl - Enter recentContents method
2021-07-27 14:48:22.633 [http-nio-8080-exec-1] DEBUG com.my.blog.website.service.impl.SiteServiceImpl - Exit recentContents method
2021-07-27 14:48:22.633 [http-nio-8080-exec-1] DEBUG com.my.blog.website.service.impl.SiteServiceImpl - Enter getStatistics method
2021-07-27 14:48:22.645 [http-nio-8080-exec-1] DEBUG com.my.blog.website.service.impl.SiteServiceImpl - Exit getStatistics method
2021-07-27 14:48:22.645 [http-nio-8080-exec-1] DEBUG com.my.blog.website.service.impl.LogServiceImpl - Enter getLogs method:page=1,linit=5
2021-07-27 14:48:22.654 [http-nio-8080-exec-1] DEBUG com.my.blog.website.service.impl.LogServiceImpl - Exit getLogs method
2021-07-27 14:48:22.654 [http-nio-8080-exec-1] INFO  com.my.blog.website.controller.admin.IndexController - Exit admin index method
